This is pdfTeX, Version 3.14159265-2.6-1.40.20 (MiKTeX 2.9.7050 64-bit) (preloaded format=pdflatex 2019.7.15)  15 JUL 2019 16:12
entering extended mode
**./Interim_presentation_slides.tex
(Interim_presentation_slides.tex
LaTeX2e <2018-12-01>
("C:\Users\Yudi\AppData\Local\Programs\MiKTeX 2.9\tex/latex/beamer\beamer.cls"
Document Class: beamer 2018/12/02 v3.55 A class for typesetting presentations

("C:\Users\Yudi\AppData\Local\Programs\MiKTeX 2.9\tex/latex/beamer\beamerbasemo
des.sty"
("C:\Users\Yudi\AppData\Local\Programs\MiKTeX 2.9\tex/latex/etoolbox\etoolbox.s
ty"
Package: etoolbox 2018/08/19 v2.5f e-TeX tools for LaTeX (JAW)
\etb@tempcnta=\count80
)
\beamer@tempbox=\box27
\beamer@tempcount=\count81
\c@beamerpauses=\count82

("C:\Users\Yudi\AppData\Local\Programs\MiKTeX 2.9\tex/latex/beamer\beamerbasede
code.sty"
\beamer@slideinframe=\count83
\beamer@minimum=\count84
)
\beamer@commentbox=\box28
\beamer@modecount=\count85
)
("C:\Users\Yudi\AppData\Local\Programs\MiKTeX 2.9\tex/generic/oberdiek\ifpdf.st
y"
Package: ifpdf 2018/09/07 v3.3 Provides the ifpdf switch
)
\headdp=\dimen102
\footheight=\dimen103
\sidebarheight=\dimen104
\beamer@tempdim=\dimen105
\beamer@finalheight=\dimen106
\beamer@animht=\dimen107
\beamer@animdp=\dimen108
\beamer@animwd=\dimen109
\beamer@leftmargin=\dimen110
\beamer@rightmargin=\dimen111
\beamer@leftsidebar=\dimen112
\beamer@rightsidebar=\dimen113
\beamer@boxsize=\dimen114
\beamer@vboxoffset=\dimen115
\beamer@descdefault=\dimen116
\beamer@descriptionwidth=\dimen117
\beamer@lastskip=\skip41
\beamer@areabox=\box29
\beamer@animcurrent=\box30
\beamer@animshowbox=\box31
\beamer@sectionbox=\box32
\beamer@logobox=\box33
\beamer@linebox=\box34
\beamer@sectioncount=\count86
\beamer@subsubsectionmax=\count87
\beamer@subsectionmax=\count88
\beamer@sectionmax=\count89
\beamer@totalheads=\count90
\beamer@headcounter=\count91
\beamer@partstartpage=\count92
\beamer@sectionstartpage=\count93
\beamer@subsectionstartpage=\count94
\beamer@animationtempa=\count95
\beamer@animationtempb=\count96
\beamer@xpos=\count97
\beamer@ypos=\count98
\beamer@ypos@offset=\count99
\beamer@showpartnumber=\count100
\beamer@currentsubsection=\count101
\beamer@coveringdepth=\count102
\beamer@sectionadjust=\count103
\beamer@tocsectionnumber=\count104

("C:\Users\Yudi\AppData\Local\Programs\MiKTeX 2.9\tex/latex/beamer\beamerbaseop
tions.sty"
("C:\Users\Yudi\AppData\Local\Programs\MiKTeX 2.9\tex/latex/graphics\keyval.sty
"
Package: keyval 2014/10/28 v1.15 key=value parser (DPC)
\KV@toks@=\toks14
))
\beamer@paperwidth=\skip42
\beamer@paperheight=\skip43

("C:\Users\Yudi\AppData\Local\Programs\MiKTeX 2.9\tex/latex/geometry\geometry.s
ty"
Package: geometry 2018/04/16 v5.8 Page Geometry

("C:\Users\Yudi\AppData\Local\Programs\MiKTeX 2.9\tex/generic/oberdiek\ifvtex.s
ty"
Package: ifvtex 2016/05/16 v1.6 Detect VTeX and its facilities (HO)
Package ifvtex Info: VTeX not detected.
)
("C:\Users\Yudi\AppData\Local\Programs\MiKTeX 2.9\tex/generic/ifxetex\ifxetex.s
ty"
Package: ifxetex 2010/09/12 v0.6 Provides ifxetex conditional
)
\Gm@cnth=\count105
\Gm@cntv=\count106
\c@Gm@tempcnt=\count107
\Gm@bindingoffset=\dimen118
\Gm@wd@mp=\dimen119
\Gm@odd@mp=\dimen120
\Gm@even@mp=\dimen121
\Gm@layoutwidth=\dimen122
\Gm@layoutheight=\dimen123
\Gm@layouthoffset=\dimen124
\Gm@layoutvoffset=\dimen125
\Gm@dimlist=\toks15

("C:\Users\Yudi\AppData\Local\Programs\MiKTeX 2.9\tex/latex/geometry\geometry.c
fg"))
("C:\Users\Yudi\AppData\Local\Programs\MiKTeX 2.9\tex/latex/base\size11.clo"
File: size11.clo 2018/09/03 v1.4i Standard LaTeX file (size option)
)
("C:\Users\Yudi\AppData\Local\Programs\MiKTeX 2.9\tex/latex/pgf/basiclayer\pgfc
ore.sty"
("C:\Users\Yudi\AppData\Local\Programs\MiKTeX 2.9\tex/latex/graphics\graphicx.s
ty"
Package: graphicx 2017/06/01 v1.1a Enhanced LaTeX Graphics (DPC,SPQR)

("C:\Users\Yudi\AppData\Local\Programs\MiKTeX 2.9\tex/latex/graphics\graphics.s
ty"
Package: graphics 2017/06/25 v1.2c Standard LaTeX Graphics (DPC,SPQR)

("C:\Users\Yudi\AppData\Local\Programs\MiKTeX 2.9\tex/latex/graphics\trig.sty"
Package: trig 2016/01/03 v1.10 sin cos tan (DPC)
)
("C:\Users\Yudi\AppData\Local\Programs\MiKTeX 2.9\tex/latex/graphics-cfg\graphi
cs.cfg"
File: graphics.cfg 2016/06/04 v1.11 sample graphics configuration
)
Package graphics Info: Driver file: pdftex.def on input line 99.

("C:\Users\Yudi\AppData\Local\Programs\MiKTeX 2.9\tex/latex/graphics-def\pdftex
.def"
File: pdftex.def 2018/01/08 v1.0l Graphics/color driver for pdftex
))
\Gin@req@height=\dimen126
\Gin@req@width=\dimen127
)
("C:\Users\Yudi\AppData\Local\Programs\MiKTeX 2.9\tex/latex/pgf/systemlayer\pgf
sys.sty"
("C:\Users\Yudi\AppData\Local\Programs\MiKTeX 2.9\tex/latex/pgf/utilities\pgfrc
s.sty"
("C:\Users\Yudi\AppData\Local\Programs\MiKTeX 2.9\tex/generic/pgf/utilities\pgf
util-common.tex"
\pgfutil@everybye=\toks16
\pgfutil@tempdima=\dimen128
\pgfutil@tempdimb=\dimen129

("C:\Users\Yudi\AppData\Local\Programs\MiKTeX 2.9\tex/generic/pgf/utilities\pgf
util-common-lists.tex"))
("C:\Users\Yudi\AppData\Local\Programs\MiKTeX 2.9\tex/generic/pgf/utilities\pgf
util-latex.def"
\pgfutil@abb=\box35

("C:\Users\Yudi\AppData\Local\Programs\MiKTeX 2.9\tex/latex/ms\everyshi.sty"
Package: everyshi 2001/05/15 v3.00 EveryShipout Package (MS)
))
("C:\Users\Yudi\AppData\Local\Programs\MiKTeX 2.9\tex/generic/pgf/utilities\pgf
rcs.code.tex"
("C:\Users\Yudi\AppData\Local\Programs\MiKTeX 2.9\tex/generic/pgf\pgf.revision.
tex")
Package: pgfrcs 2019/07/12 v3.1.4 (3.1.4)
))
("C:\Users\Yudi\AppData\Local\Programs\MiKTeX 2.9\tex/generic/pgf/systemlayer\p
gfsys.code.tex"
Package: pgfsys 2019/07/12 v3.1.4 (3.1.4)

("C:\Users\Yudi\AppData\Local\Programs\MiKTeX 2.9\tex/generic/pgf/utilities\pgf
keys.code.tex"
\pgfkeys@pathtoks=\toks17
\pgfkeys@temptoks=\toks18

("C:\Users\Yudi\AppData\Local\Programs\MiKTeX 2.9\tex/generic/pgf/utilities\pgf
keysfiltered.code.tex"
\pgfkeys@tmptoks=\toks19
))
\pgf@x=\dimen130
\pgf@y=\dimen131
\pgf@xa=\dimen132
\pgf@ya=\dimen133
\pgf@xb=\dimen134
\pgf@yb=\dimen135
\pgf@xc=\dimen136
\pgf@yc=\dimen137
\pgf@xd=\dimen138
\pgf@yd=\dimen139
\w@pgf@writea=\write3
\r@pgf@reada=\read1
\c@pgf@counta=\count108
\c@pgf@countb=\count109
\c@pgf@countc=\count110
\c@pgf@countd=\count111
\t@pgf@toka=\toks20
\t@pgf@tokb=\toks21
\t@pgf@tokc=\toks22
\pgf@sys@id@count=\count112

("C:\Users\Yudi\AppData\Local\Programs\MiKTeX 2.9\tex/generic/pgf/systemlayer\p
gf.cfg"
File: pgf.cfg 2019/07/12 v3.1.4 (3.1.4)
)
Driver file for pgf: pgfsys-pdftex.def

("C:\Users\Yudi\AppData\Local\Programs\MiKTeX 2.9\tex/generic/pgf/systemlayer\p
gfsys-pdftex.def"
File: pgfsys-pdftex.def 2019/07/12 v3.1.4 (3.1.4)

("C:\Users\Yudi\AppData\Local\Programs\MiKTeX 2.9\tex/generic/pgf/systemlayer\p
gfsys-common-pdf.def"
File: pgfsys-common-pdf.def 2019/07/12 v3.1.4 (3.1.4)
)))
("C:\Users\Yudi\AppData\Local\Programs\MiKTeX 2.9\tex/generic/pgf/systemlayer\p
gfsyssoftpath.code.tex"
File: pgfsyssoftpath.code.tex 2019/07/12 v3.1.4 (3.1.4)
\pgfsyssoftpath@smallbuffer@items=\count113
\pgfsyssoftpath@bigbuffer@items=\count114
)
("C:\Users\Yudi\AppData\Local\Programs\MiKTeX 2.9\tex/generic/pgf/systemlayer\p
gfsysprotocol.code.tex"
File: pgfsysprotocol.code.tex 2019/07/12 v3.1.4 (3.1.4)
))
("C:\Users\Yudi\AppData\Local\Programs\MiKTeX 2.9\tex/latex/xcolor\xcolor.sty"
Package: xcolor 2016/05/11 v2.12 LaTeX color extensions (UK)

("C:\Users\Yudi\AppData\Local\Programs\MiKTeX 2.9\tex/latex/graphics-cfg\color.
cfg"
File: color.cfg 2016/01/02 v1.6 sample color configuration
)
Package xcolor Info: Driver file: pdftex.def on input line 225.
Package xcolor Info: Model `cmy' substituted by `cmy0' on input line 1348.
Package xcolor Info: Model `hsb' substituted by `rgb' on input line 1352.
Package xcolor Info: Model `RGB' extended on input line 1364.
Package xcolor Info: Model `HTML' substituted by `rgb' on input line 1366.
Package xcolor Info: Model `Hsb' substituted by `hsb' on input line 1367.
Package xcolor Info: Model `tHsb' substituted by `hsb' on input line 1368.
Package xcolor Info: Model `HSB' substituted by `hsb' on input line 1369.
Package xcolor Info: Model `Gray' substituted by `gray' on input line 1370.
Package xcolor Info: Model `wave' substituted by `hsb' on input line 1371.
)
("C:\Users\Yudi\AppData\Local\Programs\MiKTeX 2.9\tex/generic/pgf/basiclayer\pg
fcore.code.tex"
Package: pgfcore 2019/07/12 v3.1.4 (3.1.4)

("C:\Users\Yudi\AppData\Local\Programs\MiKTeX 2.9\tex/generic/pgf/math\pgfmath.
code.tex"
("C:\Users\Yudi\AppData\Local\Programs\MiKTeX 2.9\tex/generic/pgf/math\pgfmathc
alc.code.tex"
("C:\Users\Yudi\AppData\Local\Programs\MiKTeX 2.9\tex/generic/pgf/math\pgfmathu
til.code.tex")
("C:\Users\Yudi\AppData\Local\Programs\MiKTeX 2.9\tex/generic/pgf/math\pgfmathp
arser.code.tex"
\pgfmath@dimen=\dimen140
\pgfmath@count=\count115
\pgfmath@box=\box36
\pgfmath@toks=\toks23
\pgfmath@stack@operand=\toks24
\pgfmath@stack@operation=\toks25
)
("C:\Users\Yudi\AppData\Local\Programs\MiKTeX 2.9\tex/generic/pgf/math\pgfmathf
unctions.code.tex"
("C:\Users\Yudi\AppData\Local\Programs\MiKTeX 2.9\tex/generic/pgf/math\pgfmathf
unctions.basic.code.tex")
("C:\Users\Yudi\AppData\Local\Programs\MiKTeX 2.9\tex/generic/pgf/math\pgfmathf
unctions.trigonometric.code.tex")
("C:\Users\Yudi\AppData\Local\Programs\MiKTeX 2.9\tex/generic/pgf/math\pgfmathf
unctions.random.code.tex")
("C:\Users\Yudi\AppData\Local\Programs\MiKTeX 2.9\tex/generic/pgf/math\pgfmathf
unctions.comparison.code.tex")
("C:\Users\Yudi\AppData\Local\Programs\MiKTeX 2.9\tex/generic/pgf/math\pgfmathf
unctions.base.code.tex")
("C:\Users\Yudi\AppData\Local\Programs\MiKTeX 2.9\tex/generic/pgf/math\pgfmathf
unctions.round.code.tex")
("C:\Users\Yudi\AppData\Local\Programs\MiKTeX 2.9\tex/generic/pgf/math\pgfmathf
unctions.misc.code.tex")
("C:\Users\Yudi\AppData\Local\Programs\MiKTeX 2.9\tex/generic/pgf/math\pgfmathf
unctions.integerarithmetics.code.tex")))
("C:\Users\Yudi\AppData\Local\Programs\MiKTeX 2.9\tex/generic/pgf/math\pgfmathf
loat.code.tex"
\c@pgfmathroundto@lastzeros=\count116
))
("C:\Users\Yudi\AppData\Local\Programs\MiKTeX 2.9\tex/generic/pgf/math\pgfint.c
ode.tex")
("C:\Users\Yudi\AppData\Local\Programs\MiKTeX 2.9\tex/generic/pgf/basiclayer\pg
fcorepoints.code.tex"
File: pgfcorepoints.code.tex 2019/07/12 v3.1.4 (3.1.4)
\pgf@picminx=\dimen141
\pgf@picmaxx=\dimen142
\pgf@picminy=\dimen143
\pgf@picmaxy=\dimen144
\pgf@pathminx=\dimen145
\pgf@pathmaxx=\dimen146
\pgf@pathminy=\dimen147
\pgf@pathmaxy=\dimen148
\pgf@xx=\dimen149
\pgf@xy=\dimen150
\pgf@yx=\dimen151
\pgf@yy=\dimen152
\pgf@zx=\dimen153
\pgf@zy=\dimen154
)
("C:\Users\Yudi\AppData\Local\Programs\MiKTeX 2.9\tex/generic/pgf/basiclayer\pg
fcorepathconstruct.code.tex"
File: pgfcorepathconstruct.code.tex 2019/07/12 v3.1.4 (3.1.4)
\pgf@path@lastx=\dimen155
\pgf@path@lasty=\dimen156
)
("C:\Users\Yudi\AppData\Local\Programs\MiKTeX 2.9\tex/generic/pgf/basiclayer\pg
fcorepathusage.code.tex"
File: pgfcorepathusage.code.tex 2019/07/12 v3.1.4 (3.1.4)
\pgf@shorten@end@additional=\dimen157
\pgf@shorten@start@additional=\dimen158
)
("C:\Users\Yudi\AppData\Local\Programs\MiKTeX 2.9\tex/generic/pgf/basiclayer\pg
fcorescopes.code.tex"
File: pgfcorescopes.code.tex 2019/07/12 v3.1.4 (3.1.4)
\pgfpic=\box37
\pgf@hbox=\box38
\pgf@layerbox@main=\box39
\pgf@picture@serial@count=\count117
)
("C:\Users\Yudi\AppData\Local\Programs\MiKTeX 2.9\tex/generic/pgf/basiclayer\pg
fcoregraphicstate.code.tex"
File: pgfcoregraphicstate.code.tex 2019/07/12 v3.1.4 (3.1.4)
\pgflinewidth=\dimen159
)
("C:\Users\Yudi\AppData\Local\Programs\MiKTeX 2.9\tex/generic/pgf/basiclayer\pg
fcoretransformations.code.tex"
File: pgfcoretransformations.code.tex 2019/07/12 v3.1.4 (3.1.4)
\pgf@pt@x=\dimen160
\pgf@pt@y=\dimen161
\pgf@pt@temp=\dimen162
)
("C:\Users\Yudi\AppData\Local\Programs\MiKTeX 2.9\tex/generic/pgf/basiclayer\pg
fcorequick.code.tex"
File: pgfcorequick.code.tex 2019/07/12 v3.1.4 (3.1.4)
)
("C:\Users\Yudi\AppData\Local\Programs\MiKTeX 2.9\tex/generic/pgf/basiclayer\pg
fcoreobjects.code.tex"
File: pgfcoreobjects.code.tex 2019/07/12 v3.1.4 (3.1.4)
)
("C:\Users\Yudi\AppData\Local\Programs\MiKTeX 2.9\tex/generic/pgf/basiclayer\pg
fcorepathprocessing.code.tex"
File: pgfcorepathprocessing.code.tex 2019/07/12 v3.1.4 (3.1.4)
)
("C:\Users\Yudi\AppData\Local\Programs\MiKTeX 2.9\tex/generic/pgf/basiclayer\pg
fcorearrows.code.tex"
File: pgfcorearrows.code.tex 2019/07/12 v3.1.4 (3.1.4)
\pgfarrowsep=\dimen163
)
("C:\Users\Yudi\AppData\Local\Programs\MiKTeX 2.9\tex/generic/pgf/basiclayer\pg
fcoreshade.code.tex"
File: pgfcoreshade.code.tex 2019/07/12 v3.1.4 (3.1.4)
\pgf@max=\dimen164
\pgf@sys@shading@range@num=\count118
\pgf@shadingcount=\count119
)
("C:\Users\Yudi\AppData\Local\Programs\MiKTeX 2.9\tex/generic/pgf/basiclayer\pg
fcoreimage.code.tex"
File: pgfcoreimage.code.tex 2019/07/12 v3.1.4 (3.1.4)

("C:\Users\Yudi\AppData\Local\Programs\MiKTeX 2.9\tex/generic/pgf/basiclayer\pg
fcoreexternal.code.tex"
File: pgfcoreexternal.code.tex 2019/07/12 v3.1.4 (3.1.4)
\pgfexternal@startupbox=\box40
))
("C:\Users\Yudi\AppData\Local\Programs\MiKTeX 2.9\tex/generic/pgf/basiclayer\pg
fcorelayers.code.tex"
File: pgfcorelayers.code.tex 2019/07/12 v3.1.4 (3.1.4)
)
("C:\Users\Yudi\AppData\Local\Programs\MiKTeX 2.9\tex/generic/pgf/basiclayer\pg
fcoretransparency.code.tex"
File: pgfcoretransparency.code.tex 2019/07/12 v3.1.4 (3.1.4)
)
("C:\Users\Yudi\AppData\Local\Programs\MiKTeX 2.9\tex/generic/pgf/basiclayer\pg
fcorepatterns.code.tex"
File: pgfcorepatterns.code.tex 2019/07/12 v3.1.4 (3.1.4)
)
("C:\Users\Yudi\AppData\Local\Programs\MiKTeX 2.9\tex/generic/pgf/basiclayer\pg
fcorerdf.code.tex"
File: pgfcorerdf.code.tex 2019/07/12 v3.1.4 (3.1.4)
)))
("C:\Users\Yudi\AppData\Local\Programs\MiKTeX 2.9\tex/latex/pgf/utilities\xxcol
or.sty"
Package: xxcolor 2003/10/24 ver 0.1
\XC@nummixins=\count120
\XC@countmixins=\count121
)
("C:\Users\Yudi\AppData\Local\Programs\MiKTeX 2.9\tex/generic/oberdiek\atbegshi
.sty"
Package: atbegshi 2016/06/09 v1.18 At begin shipout hook (HO)

("C:\Users\Yudi\AppData\Local\Programs\MiKTeX 2.9\tex/generic/oberdiek\infwarer
r.sty"
Package: infwarerr 2016/05/16 v1.4 Providing info/warning/error messages (HO)
)
("C:\Users\Yudi\AppData\Local\Programs\MiKTeX 2.9\tex/generic/oberdiek\ltxcmds.
sty"
Package: ltxcmds 2016/05/16 v1.23 LaTeX kernel commands for general use (HO)
))
("C:\Users\Yudi\AppData\Local\Programs\MiKTeX 2.9\tex/latex/hyperref\hyperref.s
ty"
Package: hyperref 2018/11/30 v6.88e Hypertext links for LaTeX

("C:\Users\Yudi\AppData\Local\Programs\MiKTeX 2.9\tex/generic/oberdiek\hobsub-h
yperref.sty"
Package: hobsub-hyperref 2016/05/16 v1.14 Bundle oberdiek, subset hyperref (HO)


("C:\Users\Yudi\AppData\Local\Programs\MiKTeX 2.9\tex/generic/oberdiek\hobsub-g
eneric.sty"
Package: hobsub-generic 2016/05/16 v1.14 Bundle oberdiek, subset generic (HO)
Package: hobsub 2016/05/16 v1.14 Construct package bundles (HO)
Package hobsub Info: Skipping package `infwarerr' (already loaded).
Package hobsub Info: Skipping package `ltxcmds' (already loaded).
Package: ifluatex 2016/05/16 v1.4 Provides the ifluatex switch (HO)
Package ifluatex Info: LuaTeX not detected.
Package hobsub Info: Skipping package `ifvtex' (already loaded).
Package: intcalc 2016/05/16 v1.2 Expandable calculations with integers (HO)
Package hobsub Info: Skipping package `ifpdf' (already loaded).
Package: etexcmds 2016/05/16 v1.6 Avoid name clashes with e-TeX commands (HO)
Package: kvsetkeys 2016/05/16 v1.17 Key value parser (HO)
Package: kvdefinekeys 2016/05/16 v1.4 Define keys (HO)
Package: pdftexcmds 2018/09/10 v0.29 Utility functions of pdfTeX for LuaTeX (HO
)
Package pdftexcmds Info: LuaTeX not detected.
Package pdftexcmds Info: \pdf@primitive is available.
Package pdftexcmds Info: \pdf@ifprimitive is available.
Package pdftexcmds Info: \pdfdraftmode found.
Package: pdfescape 2016/05/16 v1.14 Implements pdfTeX's escape features (HO)
Package: bigintcalc 2016/05/16 v1.4 Expandable calculations on big integers (HO
)
Package: bitset 2016/05/16 v1.2 Handle bit-vector datatype (HO)
Package: uniquecounter 2016/05/16 v1.3 Provide unlimited unique counter (HO)
)
Package hobsub Info: Skipping package `hobsub' (already loaded).
Package: letltxmacro 2016/05/16 v1.5 Let assignment for LaTeX macros (HO)
Package: hopatch 2016/05/16 v1.3 Wrapper for package hooks (HO)
Package: xcolor-patch 2016/05/16 xcolor patch
Package: atveryend 2016/05/16 v1.9 Hooks at the very end of document (HO)
Package hobsub Info: Skipping package `atbegshi' (already loaded).
Package: refcount 2016/05/16 v3.5 Data extraction from label references (HO)
Package: hycolor 2016/05/16 v1.8 Color options for hyperref/bookmark (HO)
)
("C:\Users\Yudi\AppData\Local\Programs\MiKTeX 2.9\tex/latex/oberdiek\auxhook.st
y"
Package: auxhook 2016/05/16 v1.4 Hooks for auxiliary files (HO)
)
("C:\Users\Yudi\AppData\Local\Programs\MiKTeX 2.9\tex/latex/oberdiek\kvoptions.
sty"
Package: kvoptions 2016/05/16 v3.12 Key value format for package options (HO)
)
\@linkdim=\dimen165
\Hy@linkcounter=\count122
\Hy@pagecounter=\count123

("C:\Users\Yudi\AppData\Local\Programs\MiKTeX 2.9\tex/latex/hyperref\pd1enc.def
"
File: pd1enc.def 2018/11/30 v6.88e Hyperref: PDFDocEncoding definition (HO)
Now handling font encoding PD1 ...
... no UTF-8 mapping file for font encoding PD1
)
\Hy@SavedSpaceFactor=\count124

("C:\Users\Yudi\AppData\Local\Programs\MiKTeX 2.9\tex/latex/00miktex\hyperref.c
fg"
File: hyperref.cfg 2002/06/06 v1.2 hyperref configuration of TeXLive
)
Package hyperref Info: Option `bookmarks' set `true' on input line 4393.
Package hyperref Info: Option `bookmarksopen' set `true' on input line 4393.
Package hyperref Info: Option `implicit' set `false' on input line 4393.
Package hyperref Info: Hyper figures OFF on input line 4519.
Package hyperref Info: Link nesting OFF on input line 4524.
Package hyperref Info: Hyper index ON on input line 4527.
Package hyperref Info: Plain pages OFF on input line 4534.
Package hyperref Info: Backreferencing OFF on input line 4539.
Package hyperref Info: Implicit mode OFF; no redefinition of LaTeX internals.
Package hyperref Info: Bookmarks ON on input line 4772.
\c@Hy@tempcnt=\count125
 ("C:\Users\Yudi\AppData\Local\Programs\MiKTeX 2.9\tex/latex/url\url.sty"
\Urlmuskip=\muskip10
Package: url 2013/09/16  ver 3.4  Verb mode for urls, etc.
)
LaTeX Info: Redefining \url on input line 5125.
\XeTeXLinkMargin=\dimen166
\Fld@menulength=\count126
\Field@Width=\dimen167
\Fld@charsize=\dimen168
Package hyperref Info: Hyper figures OFF on input line 6380.
Package hyperref Info: Link nesting OFF on input line 6385.
Package hyperref Info: Hyper index ON on input line 6388.
Package hyperref Info: backreferencing OFF on input line 6395.
Package hyperref Info: Link coloring OFF on input line 6400.
Package hyperref Info: Link coloring with OCG OFF on input line 6405.
Package hyperref Info: PDF/A mode OFF on input line 6410.
LaTeX Info: Redefining \ref on input line 6450.
LaTeX Info: Redefining \pageref on input line 6454.
\Hy@abspage=\count127


Package hyperref Message: Stopped early.

)
Package hyperref Info: Driver (autodetected): hpdftex.

("C:\Users\Yudi\AppData\Local\Programs\MiKTeX 2.9\tex/latex/hyperref\hpdftex.de
f"
File: hpdftex.def 2018/11/30 v6.88e Hyperref driver for pdfTeX
\Fld@listcount=\count128
\c@bookmark@seq@number=\count129

("C:\Users\Yudi\AppData\Local\Programs\MiKTeX 2.9\tex/latex/oberdiek\rerunfilec
heck.sty"
Package: rerunfilecheck 2016/05/16 v1.8 Rerun checks for auxiliary files (HO)
Package uniquecounter Info: New unique counter `rerunfilecheck' on input line 2
82.
))
("C:\Users\Yudi\AppData\Local\Programs\MiKTeX 2.9\tex/latex/beamer\beamerbasere
quires.sty"
("C:\Users\Yudi\AppData\Local\Programs\MiKTeX 2.9\tex/latex/beamer\beamerbaseco
mpatibility.sty")
("C:\Users\Yudi\AppData\Local\Programs\MiKTeX 2.9\tex/latex/beamer\beamerbasefo
nt.sty"
("C:\Users\Yudi\AppData\Local\Programs\MiKTeX 2.9\tex/latex/amsfonts\amssymb.st
y"
Package: amssymb 2013/01/14 v3.01 AMS font symbols

("C:\Users\Yudi\AppData\Local\Programs\MiKTeX 2.9\tex/latex/amsfonts\amsfonts.s
ty"
Package: amsfonts 2013/01/14 v3.01 Basic AMSFonts support
\@emptytoks=\toks26
\symAMSa=\mathgroup4
\symAMSb=\mathgroup5
LaTeX Font Info:    Overwriting math alphabet `\mathfrak' in version `bold'
(Font)                  U/euf/m/n --> U/euf/b/n on input line 106.
))
("C:\Users\Yudi\AppData\Local\Programs\MiKTeX 2.9\tex/latex/sansmathaccent\sans
mathaccent.sty"
Package: sansmathaccent 2013/03/28

("C:\Users\Yudi\AppData\Local\Programs\MiKTeX 2.9\tex/latex/filehook\filehook.s
ty"
Package: filehook 2011/10/12 v0.5d Hooks for input files
)))
("C:\Users\Yudi\AppData\Local\Programs\MiKTeX 2.9\tex/latex/beamer\beamerbasetr
anslator.sty"
("C:\Users\Yudi\AppData\Local\Programs\MiKTeX 2.9\tex/latex/translator\translat
or.sty"
Package: translator 2019-05-31 v1.12a Easy translation of strings in LaTeX
))
("C:\Users\Yudi\AppData\Local\Programs\MiKTeX 2.9\tex/latex/beamer\beamerbasemi
sc.sty")
("C:\Users\Yudi\AppData\Local\Programs\MiKTeX 2.9\tex/latex/beamer\beamerbasetw
oscreens.sty")
("C:\Users\Yudi\AppData\Local\Programs\MiKTeX 2.9\tex/latex/beamer\beamerbaseov
erlay.sty"
\beamer@argscount=\count130
\beamer@lastskipcover=\skip44
\beamer@trivlistdepth=\count131
)
("C:\Users\Yudi\AppData\Local\Programs\MiKTeX 2.9\tex/latex/beamer\beamerbaseti
tle.sty")
("C:\Users\Yudi\AppData\Local\Programs\MiKTeX 2.9\tex/latex/beamer\beamerbasese
ction.sty"
\c@lecture=\count132
\c@part=\count133
\c@section=\count134
\c@subsection=\count135
\c@subsubsection=\count136
)
("C:\Users\Yudi\AppData\Local\Programs\MiKTeX 2.9\tex/latex/beamer\beamerbasefr
ame.sty"
\beamer@framebox=\box41
\beamer@frametitlebox=\box42
\beamer@zoombox=\box43
\beamer@zoomcount=\count137
\beamer@zoomframecount=\count138
\beamer@frametextheight=\dimen169
\c@subsectionslide=\count139
\beamer@frametopskip=\skip45
\beamer@framebottomskip=\skip46
\beamer@frametopskipautobreak=\skip47
\beamer@framebottomskipautobreak=\skip48
\beamer@envbody=\toks27
\framewidth=\dimen170
\c@framenumber=\count140
)
("C:\Users\Yudi\AppData\Local\Programs\MiKTeX 2.9\tex/latex/beamer\beamerbaseve
rbatim.sty"
\beamer@verbatimfileout=\write4
)
("C:\Users\Yudi\AppData\Local\Programs\MiKTeX 2.9\tex/latex/beamer\beamerbasefr
amesize.sty"
\beamer@splitbox=\box44
\beamer@autobreakcount=\count141
\beamer@autobreaklastheight=\dimen171
\beamer@frametitletoks=\toks28
\beamer@framesubtitletoks=\toks29
)
("C:\Users\Yudi\AppData\Local\Programs\MiKTeX 2.9\tex/latex/beamer\beamerbasefr
amecomponents.sty"
\beamer@footins=\box45
)
("C:\Users\Yudi\AppData\Local\Programs\MiKTeX 2.9\tex/latex/beamer\beamerbaseco
lor.sty")
("C:\Users\Yudi\AppData\Local\Programs\MiKTeX 2.9\tex/latex/beamer\beamerbaseno
tes.sty"
\beamer@frameboxcopy=\box46
)
("C:\Users\Yudi\AppData\Local\Programs\MiKTeX 2.9\tex/latex/beamer\beamerbaseto
c.sty")
("C:\Users\Yudi\AppData\Local\Programs\MiKTeX 2.9\tex/latex/beamer\beamerbasete
mplates.sty"
\beamer@sbttoks=\toks30

("C:\Users\Yudi\AppData\Local\Programs\MiKTeX 2.9\tex/latex/beamer\beamerbaseau
xtemplates.sty"
("C:\Users\Yudi\AppData\Local\Programs\MiKTeX 2.9\tex/latex/beamer\beamerbasebo
xes.sty"
\bmb@box=\box47
\bmb@colorbox=\box48
\bmb@boxshadow=\box49
\bmb@boxshadowball=\box50
\bmb@boxshadowballlarge=\box51
\bmb@temp=\dimen172
\bmb@dima=\dimen173
\bmb@dimb=\dimen174
\bmb@prevheight=\dimen175
)
\beamer@blockheadheight=\dimen176
))
("C:\Users\Yudi\AppData\Local\Programs\MiKTeX 2.9\tex/latex/beamer\beamerbaselo
calstructure.sty"
("C:\Users\Yudi\AppData\Local\Programs\MiKTeX 2.9\tex/latex/tools\enumerate.sty
"
Package: enumerate 2015/07/23 v3.00 enumerate extensions (DPC)
\@enLab=\toks31
)
\c@figure=\count142
\c@table=\count143
\abovecaptionskip=\skip49
\belowcaptionskip=\skip50
)
("C:\Users\Yudi\AppData\Local\Programs\MiKTeX 2.9\tex/latex/beamer\beamerbasena
vigation.sty"
\beamer@section@min@dim=\dimen177
)
("C:\Users\Yudi\AppData\Local\Programs\MiKTeX 2.9\tex/latex/beamer\beamerbaseth
eorems.sty"
("C:\Users\Yudi\AppData\Local\Programs\MiKTeX 2.9\tex/latex/amsmath\amsmath.sty
"
Package: amsmath 2018/12/01 v2.17b AMS math features
\@mathmargin=\skip51

For additional information on amsmath, use the `?' option.
("C:\Users\Yudi\AppData\Local\Programs\MiKTeX 2.9\tex/latex/amsmath\amstext.sty
"
Package: amstext 2000/06/29 v2.01 AMS text
 ("C:\Users\Yudi\AppData\Local\Programs\MiKTeX 2.9\tex/latex/amsmath\amsgen.sty
"
File: amsgen.sty 1999/11/30 v2.0 generic functions
\@emptytoks=\toks32
\ex@=\dimen178
))
("C:\Users\Yudi\AppData\Local\Programs\MiKTeX 2.9\tex/latex/amsmath\amsbsy.sty"
Package: amsbsy 1999/11/29 v1.2d Bold Symbols
\pmbraise@=\dimen179
) ("C:\Users\Yudi\AppData\Local\Programs\MiKTeX 2.9\tex/latex/amsmath\amsopn.st
y"
Package: amsopn 2016/03/08 v2.02 operator names
)
\inf@bad=\count144
LaTeX Info: Redefining \frac on input line 223.
\uproot@=\count145
\leftroot@=\count146
LaTeX Info: Redefining \overline on input line 385.
\classnum@=\count147
\DOTSCASE@=\count148
LaTeX Info: Redefining \ldots on input line 482.
LaTeX Info: Redefining \dots on input line 485.
LaTeX Info: Redefining \cdots on input line 606.
\Mathstrutbox@=\box52
\strutbox@=\box53
\big@size=\dimen180
LaTeX Font Info:    Redeclaring font encoding OML on input line 729.
LaTeX Font Info:    Redeclaring font encoding OMS on input line 730.
\macc@depth=\count149
\c@MaxMatrixCols=\count150
\dotsspace@=\muskip11
\c@parentequation=\count151
\dspbrk@lvl=\count152
\tag@help=\toks33
\row@=\count153
\column@=\count154
\maxfields@=\count155
\andhelp@=\toks34
\eqnshift@=\dimen181
\alignsep@=\dimen182
\tagshift@=\dimen183
\tagwidth@=\dimen184
\totwidth@=\dimen185
\lineht@=\dimen186
\@envbody=\toks35
\multlinegap=\skip52
\multlinetaggap=\skip53
\mathdisplay@stack=\toks36
LaTeX Info: Redefining \[ on input line 2844.
LaTeX Info: Redefining \] on input line 2845.
)
("C:\Users\Yudi\AppData\Local\Programs\MiKTeX 2.9\tex/latex/amscls\amsthm.sty"
Package: amsthm 2017/10/31 v2.20.4
\thm@style=\toks37
\thm@bodyfont=\toks38
\thm@headfont=\toks39
\thm@notefont=\toks40
\thm@headpunct=\toks41
\thm@preskip=\skip54
\thm@postskip=\skip55
\thm@headsep=\skip56
\dth@everypar=\toks42
)
\c@theorem=\count156
)
("C:\Users\Yudi\AppData\Local\Programs\MiKTeX 2.9\tex/latex/beamer\beamerbaseth
emes.sty"))
("C:\Users\Yudi\AppData\Local\Programs\MiKTeX 2.9\tex/latex/beamer\beamerthemed
efault.sty"
("C:\Users\Yudi\AppData\Local\Programs\MiKTeX 2.9\tex/latex/beamer\beamerfontth
emedefault.sty")
("C:\Users\Yudi\AppData\Local\Programs\MiKTeX 2.9\tex/latex/beamer\beamercolort
hemedefault.sty")
("C:\Users\Yudi\AppData\Local\Programs\MiKTeX 2.9\tex/latex/beamer\beamerinnert
hemedefault.sty"
! I can't write on file `Interim_presentation_slides.pdf'.
Please type another file name for output: Interim_presentation_slides.pdf
\beamer@dima=\dimen187
\beamer@dimb=\dimen188
)
("C:\Users\Yudi\AppData\Local\Programs\MiKTeX 2.9\tex/latex/beamer\beameroutert
hemedefault.sty"))) (beamerthemeFocus.sty

LaTeX Warning: You have requested package `beamerthemeFocus',
               but the package provides `beamerthemefocus'.

Package: beamerthemefocus 2018/07/15 v2.0 Focus Beamer theme
("C:\Users\Yudi\AppData\Local\Programs\MiKTeX 2.9\tex/latex/base\fontenc.sty"
Package: fontenc 2018/08/11 v2.0j Standard LaTeX package

("C:\Users\Yudi\AppData\Local\Programs\MiKTeX 2.9\tex/latex/base\t1enc.def"
File: t1enc.def 2018/08/11 v2.0j Standard LaTeX file
LaTeX Font Info:    Redeclaring font encoding T1 on input line 48.
))
("C:\Users\Yudi\AppData\Local\Programs\MiKTeX 2.9\tex/latex/fira\FiraSans.sty"
Package: FiraSans 2019/04/04 (Bob Tennent and autoinst) Style file for Fira San
s fonts.

("C:\Users\Yudi\AppData\Local\Programs\MiKTeX 2.9\tex/latex/xkeyval\xkeyval.sty
"
Package: xkeyval 2014/12/03 v2.7a package option processing (HA)

("C:\Users\Yudi\AppData\Local\Programs\MiKTeX 2.9\tex/generic/xkeyval\xkeyval.t
ex"
("C:\Users\Yudi\AppData\Local\Programs\MiKTeX 2.9\tex/generic/xkeyval\xkvutils.
tex"
\XKV@toks=\toks43
\XKV@tempa@toks=\toks44
)
\XKV@depth=\count157
File: xkeyval.tex 2014/12/03 v2.7a key=value parser (HA)
))
("C:\Users\Yudi\AppData\Local\Programs\MiKTeX 2.9\tex/latex/base\textcomp.sty"
Package: textcomp 2018/08/11 v2.0j Standard LaTeX package
Package textcomp Info: Sub-encoding information:
(textcomp)               5 = only ISO-Adobe without \textcurrency
(textcomp)               4 = 5 + \texteuro
(textcomp)               3 = 4 + \textohm
(textcomp)               2 = 3 + \textestimated + \textcurrency
(textcomp)               1 = TS1 - \textcircled - \t
(textcomp)               0 = TS1 (full)
(textcomp)             Font families with sub-encoding setting implement
(textcomp)             only a restricted character set as indicated.
(textcomp)             Family '?' is the default used for unknown fonts.
(textcomp)             See the documentation for details.
Package textcomp Info: Setting ? sub-encoding to TS1/1 on input line 79.

("C:\Users\Yudi\AppData\Local\Programs\MiKTeX 2.9\tex/latex/base\ts1enc.def"
File: ts1enc.def 2001/06/05 v3.0e (jk/car/fm) Standard LaTeX file
Now handling font encoding TS1 ...
... processing UTF-8 mapping file for font encoding TS1

("C:\Users\Yudi\AppData\Local\Programs\MiKTeX 2.9\tex/latex/base\ts1enc.dfu"
File: ts1enc.dfu 2018/10/05 v1.2f UTF-8 support for inputenc
   defining Unicode char U+00A2 (decimal 162)
   defining Unicode char U+00A3 (decimal 163)
   defining Unicode char U+00A4 (decimal 164)
   defining Unicode char U+00A5 (decimal 165)
   defining Unicode char U+00A6 (decimal 166)
   defining Unicode char U+00A7 (decimal 167)
   defining Unicode char U+00A8 (decimal 168)
   defining Unicode char U+00A9 (decimal 169)
   defining Unicode char U+00AA (decimal 170)
   defining Unicode char U+00AC (decimal 172)
   defining Unicode char U+00AE (decimal 174)
   defining Unicode char U+00AF (decimal 175)
   defining Unicode char U+00B0 (decimal 176)
   defining Unicode char U+00B1 (decimal 177)
   defining Unicode char U+00B2 (decimal 178)
   defining Unicode char U+00B3 (decimal 179)
   defining Unicode char U+00B4 (decimal 180)
   defining Unicode char U+00B5 (decimal 181)
   defining Unicode char U+00B6 (decimal 182)
   defining Unicode char U+00B7 (decimal 183)
   defining Unicode char U+00B9 (decimal 185)
   defining Unicode char U+00BA (decimal 186)
   defining Unicode char U+00BC (decimal 188)
   defining Unicode char U+00BD (decimal 189)
   defining Unicode char U+00BE (decimal 190)
   defining Unicode char U+00D7 (decimal 215)
   defining Unicode char U+00F7 (decimal 247)
   defining Unicode char U+0192 (decimal 402)
   defining Unicode char U+02C7 (decimal 711)
   defining Unicode char U+02D8 (decimal 728)
   defining Unicode char U+02DD (decimal 733)
   defining Unicode char U+0E3F (decimal 3647)
   defining Unicode char U+2016 (decimal 8214)
   defining Unicode char U+2020 (decimal 8224)
   defining Unicode char U+2021 (decimal 8225)
   defining Unicode char U+2022 (decimal 8226)
   defining Unicode char U+2030 (decimal 8240)
   defining Unicode char U+2031 (decimal 8241)
   defining Unicode char U+203B (decimal 8251)
   defining Unicode char U+203D (decimal 8253)
   defining Unicode char U+2044 (decimal 8260)
   defining Unicode char U+204E (decimal 8270)
   defining Unicode char U+2052 (decimal 8274)
   defining Unicode char U+20A1 (decimal 8353)
   defining Unicode char U+20A4 (decimal 8356)
   defining Unicode char U+20A6 (decimal 8358)
   defining Unicode char U+20A9 (decimal 8361)
   defining Unicode char U+20AB (decimal 8363)
   defining Unicode char U+20AC (decimal 8364)
   defining Unicode char U+20B1 (decimal 8369)
   defining Unicode char U+2103 (decimal 8451)
   defining Unicode char U+2116 (decimal 8470)
   defining Unicode char U+2117 (decimal 8471)
   defining Unicode char U+211E (decimal 8478)
   defining Unicode char U+2120 (decimal 8480)
   defining Unicode char U+2122 (decimal 8482)
   defining Unicode char U+2126 (decimal 8486)
   defining Unicode char U+2127 (decimal 8487)
   defining Unicode char U+212E (decimal 8494)
   defining Unicode char U+2190 (decimal 8592)
   defining Unicode char U+2191 (decimal 8593)
   defining Unicode char U+2192 (decimal 8594)
   defining Unicode char U+2193 (decimal 8595)
   defining Unicode char U+2329 (decimal 9001)
   defining Unicode char U+232A (decimal 9002)
   defining Unicode char U+2422 (decimal 9250)
   defining Unicode char U+25E6 (decimal 9702)
   defining Unicode char U+25EF (decimal 9711)
   defining Unicode char U+266A (decimal 9834)
   defining Unicode char U+FEFF (decimal 65279)
))
LaTeX Info: Redefining \oldstylenums on input line 334.
Package textcomp Info: Setting cmr sub-encoding to TS1/0 on input line 349.
Package textcomp Info: Setting cmss sub-encoding to TS1/0 on input line 350.
Package textcomp Info: Setting cmtt sub-encoding to TS1/0 on input line 351.
Package textcomp Info: Setting cmvtt sub-encoding to TS1/0 on input line 352.
Package textcomp Info: Setting cmbr sub-encoding to TS1/0 on input line 353.
Package textcomp Info: Setting cmtl sub-encoding to TS1/0 on input line 354.
Package textcomp Info: Setting ccr sub-encoding to TS1/0 on input line 355.
Package textcomp Info: Setting ptm sub-encoding to TS1/4 on input line 356.
Package textcomp Info: Setting pcr sub-encoding to TS1/4 on input line 357.
Package textcomp Info: Setting phv sub-encoding to TS1/4 on input line 358.
Package textcomp Info: Setting ppl sub-encoding to TS1/3 on input line 359.
Package textcomp Info: Setting pag sub-encoding to TS1/4 on input line 360.
Package textcomp Info: Setting pbk sub-encoding to TS1/4 on input line 361.
Package textcomp Info: Setting pnc sub-encoding to TS1/4 on input line 362.
Package textcomp Info: Setting pzc sub-encoding to TS1/4 on input line 363.
Package textcomp Info: Setting bch sub-encoding to TS1/4 on input line 364.
Package textcomp Info: Setting put sub-encoding to TS1/5 on input line 365.
Package textcomp Info: Setting uag sub-encoding to TS1/5 on input line 366.
Package textcomp Info: Setting ugq sub-encoding to TS1/5 on input line 367.
Package textcomp Info: Setting ul8 sub-encoding to TS1/4 on input line 368.
Package textcomp Info: Setting ul9 sub-encoding to TS1/4 on input line 369.
Package textcomp Info: Setting augie sub-encoding to TS1/5 on input line 370.
Package textcomp Info: Setting dayrom sub-encoding to TS1/3 on input line 371.
Package textcomp Info: Setting dayroms sub-encoding to TS1/3 on input line 372.

Package textcomp Info: Setting pxr sub-encoding to TS1/0 on input line 373.
Package textcomp Info: Setting pxss sub-encoding to TS1/0 on input line 374.
Package textcomp Info: Setting pxtt sub-encoding to TS1/0 on input line 375.
Package textcomp Info: Setting txr sub-encoding to TS1/0 on input line 376.
Package textcomp Info: Setting txss sub-encoding to TS1/0 on input line 377.
Package textcomp Info: Setting txtt sub-encoding to TS1/0 on input line 378.
Package textcomp Info: Setting lmr sub-encoding to TS1/0 on input line 379.
Package textcomp Info: Setting lmdh sub-encoding to TS1/0 on input line 380.
Package textcomp Info: Setting lmss sub-encoding to TS1/0 on input line 381.
Package textcomp Info: Setting lmssq sub-encoding to TS1/0 on input line 382.
Package textcomp Info: Setting lmvtt sub-encoding to TS1/0 on input line 383.
Package textcomp Info: Setting lmtt sub-encoding to TS1/0 on input line 384.
Package textcomp Info: Setting qhv sub-encoding to TS1/0 on input line 385.
Package textcomp Info: Setting qag sub-encoding to TS1/0 on input line 386.
Package textcomp Info: Setting qbk sub-encoding to TS1/0 on input line 387.
Package textcomp Info: Setting qcr sub-encoding to TS1/0 on input line 388.
Package textcomp Info: Setting qcs sub-encoding to TS1/0 on input line 389.
Package textcomp Info: Setting qpl sub-encoding to TS1/0 on input line 390.
Package textcomp Info: Setting qtm sub-encoding to TS1/0 on input line 391.
Package textcomp Info: Setting qzc sub-encoding to TS1/0 on input line 392.
Package textcomp Info: Setting qhvc sub-encoding to TS1/0 on input line 393.
Package textcomp Info: Setting futs sub-encoding to TS1/4 on input line 394.
Package textcomp Info: Setting futx sub-encoding to TS1/4 on input line 395.
Package textcomp Info: Setting futj sub-encoding to TS1/4 on input line 396.
Package textcomp Info: Setting hlh sub-encoding to TS1/3 on input line 397.
Package textcomp Info: Setting hls sub-encoding to TS1/3 on input line 398.
Package textcomp Info: Setting hlst sub-encoding to TS1/3 on input line 399.
Package textcomp Info: Setting hlct sub-encoding to TS1/5 on input line 400.
Package textcomp Info: Setting hlx sub-encoding to TS1/5 on input line 401.
Package textcomp Info: Setting hlce sub-encoding to TS1/5 on input line 402.
Package textcomp Info: Setting hlcn sub-encoding to TS1/5 on input line 403.
Package textcomp Info: Setting hlcw sub-encoding to TS1/5 on input line 404.
Package textcomp Info: Setting hlcf sub-encoding to TS1/5 on input line 405.
Package textcomp Info: Setting pplx sub-encoding to TS1/3 on input line 406.
Package textcomp Info: Setting pplj sub-encoding to TS1/3 on input line 407.
Package textcomp Info: Setting ptmx sub-encoding to TS1/4 on input line 408.
Package textcomp Info: Setting ptmj sub-encoding to TS1/4 on input line 409.
)
("C:\Users\Yudi\AppData\Local\Programs\MiKTeX 2.9\tex/latex/mweights\mweights.s
ty"
Package: mweights 2017/03/30 (Bob Tennent) Support package for multiple-weight 
font packages. 
LaTeX Info: Redefining \bfseries on input line 22.
LaTeX Info: Redefining \mdseries on input line 30.
LaTeX Info: Redefining \rmfamily on input line 38.
LaTeX Info: Redefining \sffamily on input line 66.
LaTeX Info: Redefining \ttfamily on input line 94.
)
("C:\Users\Yudi\AppData\Local\Programs\MiKTeX 2.9\tex/latex/fontaxes\fontaxes.s
ty"
Package: fontaxes 2014/03/23 v1.0d Font selection axes
LaTeX Info: Redefining \upshape on input line 29.
LaTeX Info: Redefining \itshape on input line 31.
LaTeX Info: Redefining \slshape on input line 33.
LaTeX Info: Redefining \scshape on input line 37.
))
("C:\Users\Yudi\AppData\Local\Programs\MiKTeX 2.9\tex/latex/fira\FiraMono.sty"
Package: FiraMono 2019/06/04 (Bob Tennent and autoinst) Style file for Fira Mon
o fonts.

("C:\Users\Yudi\AppData\Local\Programs\MiKTeX 2.9\tex/latex/base\fontenc.sty"
Package: fontenc 2018/08/11 v2.0j Standard LaTeX package
)) (beamercolorthemefocus.sty) (beamerfontthemefocus.sty)
(beamerinnerthemefocus.sty
("C:\Users\Yudi\AppData\Local\Programs\MiKTeX 2.9\tex/latex/pgf/frontendlayer\t
ikz.sty"
("C:\Users\Yudi\AppData\Local\Programs\MiKTeX 2.9\tex/latex/pgf/basiclayer\pgf.
sty"
Package: pgf 2019/07/12 v3.1.4 (3.1.4)

("C:\Users\Yudi\AppData\Local\Programs\MiKTeX 2.9\tex/generic/pgf/modules\pgfmo
duleshapes.code.tex"
File: pgfmoduleshapes.code.tex 2019/07/12 v3.1.4 (3.1.4)
\pgfnodeparttextbox=\box54
)
("C:\Users\Yudi\AppData\Local\Programs\MiKTeX 2.9\tex/generic/pgf/modules\pgfmo
duleplot.code.tex"
File: pgfmoduleplot.code.tex 2019/07/12 v3.1.4 (3.1.4)
)
("C:\Users\Yudi\AppData\Local\Programs\MiKTeX 2.9\tex/latex/pgf/compatibility\p
gfcomp-version-0-65.sty"
Package: pgfcomp-version-0-65 2019/07/12 v3.1.4 (3.1.4)
\pgf@nodesepstart=\dimen189
\pgf@nodesepend=\dimen190
)
("C:\Users\Yudi\AppData\Local\Programs\MiKTeX 2.9\tex/latex/pgf/compatibility\p
gfcomp-version-1-18.sty"
Package: pgfcomp-version-1-18 2019/07/12 v3.1.4 (3.1.4)
))
("C:\Users\Yudi\AppData\Local\Programs\MiKTeX 2.9\tex/latex/pgf/utilities\pgffo
r.sty"
("C:\Users\Yudi\AppData\Local\Programs\MiKTeX 2.9\tex/latex/pgf/utilities\pgfke
ys.sty"
("C:\Users\Yudi\AppData\Local\Programs\MiKTeX 2.9\tex/generic/pgf/utilities\pgf
keys.code.tex"))
("C:\Users\Yudi\AppData\Local\Programs\MiKTeX 2.9\tex/latex/pgf/math\pgfmath.st
y"
("C:\Users\Yudi\AppData\Local\Programs\MiKTeX 2.9\tex/generic/pgf/math\pgfmath.
code.tex"))
("C:\Users\Yudi\AppData\Local\Programs\MiKTeX 2.9\tex/generic/pgf/utilities\pgf
for.code.tex"
Package: pgffor 2019/07/12 v3.1.4 (3.1.4)

("C:\Users\Yudi\AppData\Local\Programs\MiKTeX 2.9\tex/generic/pgf/math\pgfmath.
code.tex")
\pgffor@iter=\dimen191
\pgffor@skip=\dimen192
\pgffor@stack=\toks45
\pgffor@toks=\toks46
))
("C:\Users\Yudi\AppData\Local\Programs\MiKTeX 2.9\tex/generic/pgf/frontendlayer
/tikz\tikz.code.tex"
Package: tikz 2019/07/12 v3.1.4 (3.1.4)

("C:\Users\Yudi\AppData\Local\Programs\MiKTeX 2.9\tex/generic/pgf/libraries\pgf
libraryplothandlers.code.tex"
File: pgflibraryplothandlers.code.tex 2019/07/12 v3.1.4 (3.1.4)
\pgf@plot@mark@count=\count158
\pgfplotmarksize=\dimen193
)
\tikz@lastx=\dimen194
\tikz@lasty=\dimen195
\tikz@lastxsaved=\dimen196
\tikz@lastysaved=\dimen197
\tikz@lastmovetox=\dimen198
\tikz@lastmovetoy=\dimen199
\tikzleveldistance=\dimen256
\tikzsiblingdistance=\dimen257
\tikz@figbox=\box55
\tikz@figbox@bg=\box56
\tikz@tempbox=\box57
\tikz@tempbox@bg=\box58
\tikztreelevel=\count159
\tikznumberofchildren=\count160
\tikznumberofcurrentchild=\count161
\tikz@fig@count=\count162

("C:\Users\Yudi\AppData\Local\Programs\MiKTeX 2.9\tex/generic/pgf/modules\pgfmo
dulematrix.code.tex"
File: pgfmodulematrix.code.tex 2019/07/12 v3.1.4 (3.1.4)
\pgfmatrixcurrentrow=\count163
\pgfmatrixcurrentcolumn=\count164
\pgf@matrix@numberofcolumns=\count165
)
\tikz@expandcount=\count166

("C:\Users\Yudi\AppData\Local\Programs\MiKTeX 2.9\tex/generic/pgf/frontendlayer
/tikz/libraries\tikzlibrarytopaths.code.tex"
File: tikzlibrarytopaths.code.tex 2019/07/12 v3.1.4 (3.1.4)
)))) (beamerouterthemefocus.sty
("C:\Users\Yudi\AppData\Local\Programs\MiKTeX 2.9\tex/latex/appendixnumberbeame
r\appendixnumberbeamer.sty")
\focus@pbar@height=\skip57
\focus@pbar@leftoffset=\skip58
\focus@pbar@rightoffset=\skip59
))
("C:\Users\Yudi\AppData\Local\Programs\MiKTeX 2.9\tex/latex/booktabs\booktabs.s
ty"
Package: booktabs 2005/04/14 v1.61803 publication quality tables
\heavyrulewidth=\dimen258
\lightrulewidth=\dimen259
\cmidrulewidth=\dimen260
\belowrulesep=\dimen261
\belowbottomsep=\dimen262
\aboverulesep=\dimen263
\abovetopsep=\dimen264
\cmidrulesep=\dimen265
\cmidrulekern=\dimen266
\defaultaddspace=\dimen267
\@cmidla=\count167
\@cmidlb=\count168
\@aboverulesep=\dimen268
\@belowrulesep=\dimen269
\@thisruleclass=\count169
\@lastruleclass=\count170
\@thisrulewidth=\dimen270
)
("C:\Users\Yudi\AppData\Local\Programs\MiKTeX 2.9\tex/latex/subfigure\subfigure
.sty"
Package: subfigure 2002/07/30 v2.1.4 subfigure package
\subfigtopskip=\skip60
\subfigcapskip=\skip61
\subfigcaptopadj=\dimen271
\subfigbottomskip=\skip62
\subfigcapmargin=\dimen272
\subfiglabelskip=\skip63
\c@subfigure=\count171
\c@lofdepth=\count172
\c@subtable=\count173
\c@lotdepth=\count174

****************************************
* Local config file subfigure.cfg used *
****************************************

("C:\Users\Yudi\AppData\Local\Programs\MiKTeX 2.9\tex/latex/subfigure\subfigure
.cfg")
\subfig@top=\skip64
\subfig@bottom=\skip65
)
("C:\Users\Yudi\AppData\Local\Programs\MiKTeX 2.9\tex/latex/animate\animate.sty
"
Package: animate 2019/04/09 PDF & SVG animations from files and inline graphics

 ("C:\Users\Yudi\AppData\Local\Programs\MiKTeX 2.9\tex/latex/base\ifthen.sty"
Package: ifthen 2014/09/29 v1.1c Standard LaTeX ifthen package (DPC)
)
("C:\Users\Yudi\AppData\Local\Programs\MiKTeX 2.9\tex/latex/oberdiek\ifdraft.st
y"
Package: ifdraft 2016/05/16 v1.4 Detect class options draft and final (HO)
) ("C:\Users\Yudi\AppData\Local\Programs\MiKTeX 2.9\tex/latex/tools\calc.sty"
Package: calc 2017/05/25 v4.3 Infix arithmetic (KKT,FJ)
\calc@Acount=\count175
\calc@Bcount=\count176
\calc@Adimen=\dimen273
\calc@Bdimen=\dimen274
\calc@Askip=\skip66
\calc@Bskip=\skip67
LaTeX Info: Redefining \setlength on input line 80.
LaTeX Info: Redefining \addtolength on input line 81.
\calc@Ccount=\count177
\calc@Cskip=\skip68
)
("C:\Users\Yudi\AppData\Local\Programs\MiKTeX 2.9\tex/latex/oberdiek\zref-abspa
ge.sty"
Package: zref-abspage 2018/11/21 v2.27 Module abspage for zref (HO)

("C:\Users\Yudi\AppData\Local\Programs\MiKTeX 2.9\tex/latex/oberdiek\zref-base.
sty"
Package: zref-base 2018/11/21 v2.27 Module base for zref (HO)
Package zref Info: New property list: main on input line 759.
Package zref Info: New property: default on input line 760.
Package zref Info: New property: page on input line 761.
)
\c@abspage=\count178
Package zref Info: New property: abspage on input line 62.
)
("C:\Users\Yudi\AppData\Local\Programs\MiKTeX 2.9\tex/latex/media9\pdfbase.sty"
("C:\Users\Yudi\AppData\Local\Programs\MiKTeX 2.9\tex/latex/l3kernel\expl3.sty"
Package: expl3 2019-07-01 L3 programming layer (loader) 

("C:\Users\Yudi\AppData\Local\Programs\MiKTeX 2.9\tex/latex/l3kernel\expl3-code
.tex"
Package: expl3 2019-07-01 L3 programming layer (code)
\c_max_int=\count179
\l_tmpa_int=\count180
\l_tmpb_int=\count181
\g_tmpa_int=\count182
\g_tmpb_int=\count183
\g__kernel_prg_map_int=\count184
\c__ior_term_ior=\count185
\c_log_iow=\count186
\l_iow_line_count_int=\count187
\l__iow_line_target_int=\count188
\l__iow_one_indent_int=\count189
\l__iow_indent_int=\count190
\c_zero_dim=\dimen275
\c_max_dim=\dimen276
\l_tmpa_dim=\dimen277
\l_tmpb_dim=\dimen278
\g_tmpa_dim=\dimen279
\g_tmpb_dim=\dimen280
\c_zero_skip=\skip69
\c_max_skip=\skip70
\l_tmpa_skip=\skip71
\l_tmpb_skip=\skip72
\g_tmpa_skip=\skip73
\g_tmpb_skip=\skip74
\c_zero_muskip=\muskip12
\c_max_muskip=\muskip13
\l_tmpa_muskip=\muskip14
\l_tmpb_muskip=\muskip15
\g_tmpa_muskip=\muskip16
\g_tmpb_muskip=\muskip17
\l_keys_choice_int=\count191
\l__intarray_loop_int=\count192
\c__intarray_sp_dim=\dimen281
\g__intarray_font_int=\count193
\c__fp_leading_shift_int=\count194
\c__fp_middle_shift_int=\count195
\c__fp_trailing_shift_int=\count196
\c__fp_big_leading_shift_int=\count197
\c__fp_big_middle_shift_int=\count198
\c__fp_big_trailing_shift_int=\count199
\c__fp_Bigg_leading_shift_int=\count266
\c__fp_Bigg_middle_shift_int=\count267
\c__fp_Bigg_trailing_shift_int=\count268
\c__kernel_randint_max_int=\count269
\g__fp_array_int=\count270
\l__fp_array_loop_int=\count271
\l__sort_length_int=\count272
\l__sort_min_int=\count273
\l__sort_top_int=\count274
\l__sort_max_int=\count275
\l__sort_true_max_int=\count276
\l__sort_block_int=\count277
\l__sort_begin_int=\count278
\l__sort_end_int=\count279
\l__sort_A_int=\count280
\l__sort_B_int=\count281
\l__sort_C_int=\count282
\l__str_internal_int=\count283
\c__str_replacement_char_int=\count284
\l__tl_analysis_normal_int=\count285
\l__tl_analysis_index_int=\count286
\l__tl_analysis_nesting_int=\count287
\l__tl_analysis_type_int=\count288
\l__regex_internal_a_int=\count289
\l__regex_internal_b_int=\count290
\l__regex_internal_c_int=\count291
\l__regex_balance_int=\count292
\l__regex_group_level_int=\count293
\l__regex_mode_int=\count294
\c__regex_cs_in_class_mode_int=\count295
\c__regex_cs_mode_int=\count296
\l__regex_catcodes_int=\count297
\l__regex_default_catcodes_int=\count298
\c__regex_catcode_D_int=\count299
\c__regex_catcode_S_int=\count300
\c__regex_catcode_L_int=\count301
\c__regex_catcode_O_int=\count302
\c__regex_catcode_A_int=\count303
\c__regex_all_catcodes_int=\count304
\l__regex_show_lines_int=\count305
\l__regex_min_state_int=\count306
\l__regex_max_state_int=\count307
\l__regex_left_state_int=\count308
\l__regex_right_state_int=\count309
\l__regex_capturing_group_int=\count310
\l__regex_min_pos_int=\count311
\l__regex_max_pos_int=\count312
\l__regex_curr_pos_int=\count313
\l__regex_start_pos_int=\count314
\l__regex_success_pos_int=\count315
\l__regex_curr_char_int=\count316
\l__regex_curr_catcode_int=\count317
\l__regex_last_char_int=\count318
\l__regex_case_changed_char_int=\count319
\l__regex_curr_state_int=\count320
\l__regex_step_int=\count321
\l__regex_min_active_int=\count322
\l__regex_max_active_int=\count323
\l__regex_replacement_csnames_int=\count324
\l__regex_match_count_int=\count325
\l__regex_min_submatch_int=\count326
\l__regex_submatch_int=\count327
\l__regex_zeroth_submatch_int=\count328
\g__regex_trace_regex_int=\count329
\c_empty_box=\box59
\l_tmpa_box=\box60
\l_tmpb_box=\box61
\g_tmpa_box=\box62
\g_tmpb_box=\box63
\l__box_top_dim=\dimen282
\l__box_bottom_dim=\dimen283
\l__box_left_dim=\dimen284
\l__box_right_dim=\dimen285
\l__box_top_new_dim=\dimen286
\l__box_bottom_new_dim=\dimen287
\l__box_left_new_dim=\dimen288
\l__box_right_new_dim=\dimen289
\l__box_internal_box=\box64
\l__coffin_internal_box=\box65
\l__coffin_internal_dim=\dimen290
\l__coffin_offset_x_dim=\dimen291
\l__coffin_offset_y_dim=\dimen292
\l__coffin_x_dim=\dimen293
\l__coffin_y_dim=\dimen294
\l__coffin_x_prime_dim=\dimen295
\l__coffin_y_prime_dim=\dimen296
\c_empty_coffin=\box66
\l__coffin_aligned_coffin=\box67
\l__coffin_aligned_internal_coffin=\box68
\l_tmpa_coffin=\box69
\l_tmpb_coffin=\box70
\g_tmpa_coffin=\box71
\g_tmpb_coffin=\box72
\l__coffin_bounding_shift_dim=\dimen297
\l__coffin_left_corner_dim=\dimen298
\l__coffin_right_corner_dim=\dimen299
\l__coffin_bottom_corner_dim=\dimen300
\l__coffin_top_corner_dim=\dimen301
\l__coffin_scaled_total_height_dim=\dimen302
\l__coffin_scaled_width_dim=\dimen303
\c__coffin_empty_coffin=\box73
\l__coffin_display_coffin=\box74
\l__coffin_display_coord_coffin=\box75
\l__coffin_display_pole_coffin=\box76
\l__coffin_display_offset_dim=\dimen304
\l__coffin_display_x_dim=\dimen305
\l__coffin_display_y_dim=\dimen306
\g__file_internal_ior=\read2
\l__seq_internal_a_int=\count330
\l__seq_internal_b_int=\count331
\c__deprecation_minus_one=\count332
)
("C:\Users\Yudi\AppData\Local\Programs\MiKTeX 2.9\tex/latex/l3backend\l3backend
-pdfmode.def"
File: l3backend-pdfmode.def 2019-04-06 v L3 Experimental backend support: PDF m
ode
\l__kernel_color_stack_int=\count333
\l__pdf_internal_box=\box77
))
("C:\Users\Yudi\AppData\Local\Programs\MiKTeX 2.9\tex/latex/l3packages/l3keys2e
\l3keys2e.sty"
Package: l3keys2e 2019-05-28 LaTeX2e option processing using LaTeX3 keys
)
Package: pdfbase 2019/07/11 v0.33 driver independent access to low-level PDF fe
atures
\g_pbs_page_int=\count334
\g_pbs_oc_int=\count335
)
("C:\Users\Yudi\AppData\Local\Programs\MiKTeX 2.9\tex/latex/ocgx2\ocgbase.sty"
Package: ocgbase 2019/07/04 v0.16 support package for ocgx2.sty
\g_ocgbase_nd_int=\count336
)
\@anim@box=\box78
\@anim@measbox=\box79
\@anim@tmpdima=\dimen307
\@anim@tmpdimb=\dimen308
\@anim@num=\count337
\@anim@curframe=\count338
\@anim@curframe@zb=\count339
\@anim@resizeflags=\count340
\@anim@skipfram=\count341
\@anim@mulframecnt=\count342
\@anim@@tmlnfile=\read3
\@anim@tmpcnt=\count343
\c@@anim@ltxcnt=\count344
\@anim@curlayer=\count345
\@anim@lineno=\count346
\@anim@curfield=\count347
\@anim@@resizeflags=\count348
) (Interim_presentation_slides.aux

LaTeX Warning: Label `fig:a' multiply defined.


LaTeX Warning: Label `sub@fig:a' multiply defined.


LaTeX Warning: Label `fig:b' multiply defined.


LaTeX Warning: Label `sub@fig:b' multiply defined.


LaTeX Warning: Label `fig:a' multiply defined.


LaTeX Warning: Label `sub@fig:a' multiply defined.


LaTeX Warning: Label `fig:b' multiply defined.


LaTeX Warning: Label `sub@fig:b' multiply defined.


LaTeX Warning: Label `fig:c' multiply defined.


LaTeX Warning: Label `sub@fig:c' multiply defined.


LaTeX Warning: Label `fig:d' multiply defined.


LaTeX Warning: Label `sub@fig:d' multiply defined.

)
\openout1 = `Interim_presentation_slides.aux'.

LaTeX Font Info:    Checking defaults for OML/cmm/m/it on input line 61.
LaTeX Font Info:    ... okay on input line 61.
LaTeX Font Info:    Checking defaults for T1/cmr/m/n on input line 61.
LaTeX Font Info:    ... okay on input line 61.
LaTeX Font Info:    Checking defaults for OT1/cmr/m/n on input line 61.
LaTeX Font Info:    ... okay on input line 61.
LaTeX Font Info:    Checking defaults for OMS/cmsy/m/n on input line 61.
LaTeX Font Info:    ... okay on input line 61.
LaTeX Font Info:    Checking defaults for OMX/cmex/m/n on input line 61.
LaTeX Font Info:    ... okay on input line 61.
LaTeX Font Info:    Checking defaults for U/cmr/m/n on input line 61.
LaTeX Font Info:    ... okay on input line 61.
LaTeX Font Info:    Checking defaults for PD1/pdf/m/n on input line 61.
LaTeX Font Info:    ... okay on input line 61.
LaTeX Font Info:    Checking defaults for TS1/cmr/m/n on input line 61.
LaTeX Font Info:    Try loading font information for TS1+cmr on input line 61.
 ("C:\Users\Yudi\AppData\Local\Programs\MiKTeX 2.9\tex/latex/base\ts1cmr.fd"
File: ts1cmr.fd 2014/09/29 v2.5h Standard LaTeX font definitions
)
LaTeX Font Info:    ... okay on input line 61.
LaTeX Font Info:    Try loading font information for T1+FiraSans-OsF on input l
ine 61.

("C:\Users\Yudi\AppData\Local\Programs\MiKTeX 2.9\tex/latex/fira\t1firasans-osf
.fd"
File: T1FiraSans-OsF.fd 2019/06/04 (autoinst) Font definitions for T1/FiraSans-
OsF.
)
LaTeX Font Info:    Font shape `T1/FiraSans-OsF/m/n' in size <10.95> not availa
ble
(Font)              Font shape `T1/FiraSans-OsF/regular/n' tried instead on inp
ut line 61.
LaTeX Font Info:    Font shape `T1/FiraSans-OsF/regular/n' will be
(Font)              scaled to size 10.95pt on input line 61.

*geometry* driver: auto-detecting
*geometry* detected driver: pdftex
*geometry* verbose mode - [ preamble ] result:
* driver: pdftex
* paper: custom
* layout: <same size as paper>
* layoutoffset:(h,v)=(0.0pt,0.0pt)
* modes: includehead includefoot 
* h-part:(L,W,R)=(21.33955pt, 321.51625pt, 21.33955pt)
* v-part:(T,H,B)=(0.0pt, 273.14662pt, 0.0pt)
* \paperwidth=364.19536pt
* \paperheight=273.14662pt
* \textwidth=321.51625pt
* \textheight=244.6939pt
* \oddsidemargin=-50.93044pt
* \evensidemargin=-50.93044pt
* \topmargin=-72.26999pt
* \headheight=14.22636pt
* \headsep=0.0pt
* \topskip=11.0pt
* \footskip=14.22636pt
* \marginparwidth=4.0pt
* \marginparsep=10.0pt
* \columnsep=10.0pt
* \skip\footins=10.0pt plus 4.0pt minus 2.0pt
* \hoffset=0.0pt
* \voffset=0.0pt
* \mag=1000
* \@twocolumnfalse
* \@twosidefalse
* \@mparswitchfalse
* \@reversemarginfalse
* (1in=72.27pt=25.4mm, 1cm=28.453pt)


("C:\Users\Yudi\AppData\Local\Programs\MiKTeX 2.9\tex/context/base/mkii\supp-pd
f.mkii"
[Loading MPS to PDF converter (version 2006.09.02).]
\scratchcounter=\count349
\scratchdimen=\dimen309
\scratchbox=\box80
\nofMPsegments=\count350
\nofMParguments=\count351
\everyMPshowfont=\toks47
\MPscratchCnt=\count352
\MPscratchDim=\dimen310
\MPnumerator=\count353
\makeMPintoPDFobject=\count354
\everyMPtoPDFconversion=\toks48
)
("C:\Users\Yudi\AppData\Local\Programs\MiKTeX 2.9\tex/latex/oberdiek\epstopdf-b
ase.sty"
Package: epstopdf-base 2016/05/15 v2.6 Base part for package epstopdf

("C:\Users\Yudi\AppData\Local\Programs\MiKTeX 2.9\tex/latex/oberdiek\grfext.sty
"
Package: grfext 2016/05/16 v1.2 Manage graphics extensions (HO)
)
Package epstopdf-base Info: Redefining graphics rule for `.eps' on input line 4
38.
Package grfext Info: Graphics extension search list:
(grfext)             [.pdf,.png,.jpg,.mps,.jpeg,.jbig2,.jb2,.PDF,.PNG,.JPG,.JPE
G,.JBIG2,.JB2,.eps]
(grfext)             \AppendGraphicsExtensions on input line 456.
) ABD: EveryShipout initializing macros
\AtBeginShipoutBox=\box81
Package hyperref Info: Link coloring OFF on input line 61.

("C:\Users\Yudi\AppData\Local\Programs\MiKTeX 2.9\tex/latex/hyperref\nameref.st
y"
Package: nameref 2016/05/21 v2.44 Cross-referencing by name of section

("C:\Users\Yudi\AppData\Local\Programs\MiKTeX 2.9\tex/generic/oberdiek\gettitle
string.sty"
Package: gettitlestring 2016/05/16 v1.5 Cleanup title references (HO)
)
\c@section@level=\count355
)
LaTeX Info: Redefining \ref on input line 61.
LaTeX Info: Redefining \pageref on input line 61.
LaTeX Info: Redefining \nameref on input line 61.
 (Interim_presentation_slides.out)
(Interim_presentation_slides.out)
\@outlinefile=\write5
\openout5 = `Interim_presentation_slides.out'.

LaTeX Font Info:    Overwriting symbol font `operators' in version `normal'
(Font)                  OT1/cmr/m/n --> OT1/cmss/m/n on input line 61.
LaTeX Font Info:    Overwriting symbol font `operators' in version `bold'
(Font)                  OT1/cmr/bx/n --> OT1/cmss/bx/n on input line 61.
\symnumbers=\mathgroup6
\sympureletters=\mathgroup7
LaTeX Font Info:    Overwriting math alphabet `\mathrm' in version `normal'
(Font)                  OT1/cmss/m/n --> T1/cmr/m/n on input line 61.
LaTeX Font Info:    Redeclaring math alphabet \mathbf on input line 61.
LaTeX Font Info:    Overwriting math alphabet `\mathbf' in version `normal'
(Font)                  OT1/cmr/bx/n --> T1/FiraSans-OsF/bx/n on input line 61.

LaTeX Font Info:    Overwriting math alphabet `\mathbf' in version `bold'
(Font)                  OT1/cmr/bx/n --> T1/FiraSans-OsF/bx/n on input line 61.

LaTeX Font Info:    Redeclaring math alphabet \mathsf on input line 61.
LaTeX Font Info:    Overwriting math alphabet `\mathsf' in version `normal'
(Font)                  OT1/cmss/m/n --> T1/FiraSans-OsF/m/n on input line 61.
LaTeX Font Info:    Overwriting math alphabet `\mathsf' in version `bold'
(Font)                  OT1/cmss/bx/n --> T1/FiraSans-OsF/m/n on input line 61.

LaTeX Font Info:    Redeclaring math alphabet \mathit on input line 61.
LaTeX Font Info:    Overwriting math alphabet `\mathit' in version `normal'
(Font)                  OT1/cmr/m/it --> T1/FiraSans-OsF/m/it on input line 61.

LaTeX Font Info:    Overwriting math alphabet `\mathit' in version `bold'
(Font)                  OT1/cmr/bx/it --> T1/FiraSans-OsF/m/it on input line 61
.
LaTeX Font Info:    Redeclaring math alphabet \mathtt on input line 61.
LaTeX Font Info:    Overwriting math alphabet `\mathtt' in version `normal'
(Font)                  OT1/cmtt/m/n --> T1/FiraMono-TOsF/m/n on input line 61.

LaTeX Font Info:    Overwriting math alphabet `\mathtt' in version `bold'
(Font)                  OT1/cmtt/m/n --> T1/FiraMono-TOsF/m/n on input line 61.

LaTeX Font Info:    Overwriting symbol font `numbers' in version `bold'
(Font)                  T1/FiraSans-OsF/m/n --> T1/FiraSans-OsF/bx/n on input l
ine 61.
LaTeX Font Info:    Overwriting symbol font `pureletters' in version `bold'
(Font)                  T1/FiraSans-OsF/m/it --> T1/FiraSans-OsF/bx/it on input
 line 61.
LaTeX Font Info:    Overwriting math alphabet `\mathrm' in version `bold'
(Font)                  OT1/cmss/bx/n --> T1/cmr/bx/n on input line 61.
LaTeX Font Info:    Overwriting math alphabet `\mathbf' in version `bold'
(Font)                  T1/FiraSans-OsF/bx/n --> T1/FiraSans-OsF/bx/n on input 
line 61.
LaTeX Font Info:    Overwriting math alphabet `\mathsf' in version `bold'
(Font)                  T1/FiraSans-OsF/m/n --> T1/FiraSans-OsF/bx/n on input l
ine 61.
LaTeX Font Info:    Overwriting math alphabet `\mathit' in version `bold'
(Font)                  T1/FiraSans-OsF/m/it --> T1/FiraSans-OsF/bx/it on input
 line 61.
LaTeX Font Info:    Overwriting math alphabet `\mathtt' in version `bold'
(Font)                  T1/FiraMono-TOsF/m/n --> T1/FiraMono-TOsF/bx/n on input
 line 61.

("C:\Users\Yudi\AppData\Local\Programs\MiKTeX 2.9\tex/latex/translator\translat
or-basic-dictionary-English.dict"
Dictionary: translator-basic-dictionary, Language: English 
)
("C:\Users\Yudi\AppData\Local\Programs\MiKTeX 2.9\tex/latex/translator\translat
or-bibliography-dictionary-English.dict"
Dictionary: translator-bibliography-dictionary, Language: English 
)
("C:\Users\Yudi\AppData\Local\Programs\MiKTeX 2.9\tex/latex/translator\translat
or-environment-dictionary-English.dict"
Dictionary: translator-environment-dictionary, Language: English 
)
("C:\Users\Yudi\AppData\Local\Programs\MiKTeX 2.9\tex/latex/translator\translat
or-months-dictionary-English.dict"
Dictionary: translator-months-dictionary, Language: English 
)
("C:\Users\Yudi\AppData\Local\Programs\MiKTeX 2.9\tex/latex/translator\translat
or-numbers-dictionary-English.dict"
Dictionary: translator-numbers-dictionary, Language: English 
)
("C:\Users\Yudi\AppData\Local\Programs\MiKTeX 2.9\tex/latex/translator\translat
or-theorem-dictionary-English.dict"
Dictionary: translator-theorem-dictionary, Language: English 
)
\c@mv@tabular=\count356
\c@mv@boldtabular=\count357
 (Interim_presentation_slides.nav)
LaTeX Font Info:    Font shape `T1/FiraSans-OsF/m/n' in size <6> not available
(Font)              Font shape `T1/FiraSans-OsF/regular/n' tried instead on inp
ut line 61.
LaTeX Font Info:    Font shape `T1/FiraSans-OsF/regular/n' will be
(Font)              scaled to size 6.0pt on input line 61.
LaTeX Font Info:    Font shape `T1/FiraSans-OsF/m/n' in size <8> not available
(Font)              Font shape `T1/FiraSans-OsF/regular/n' tried instead on inp
ut line 61.
LaTeX Font Info:    Font shape `T1/FiraSans-OsF/regular/n' will be
(Font)              scaled to size 8.0pt on input line 61.
LaTeX Font Info:    Font shape `T1/FiraSans-OsF/regular/n' will be
(Font)              scaled to size 20.74pt on input line 73.
LaTeX Font Info:    Font shape `T1/FiraSans-OsF/regular/sc' will be
(Font)              scaled to size 20.74pt on input line 73.
LaTeX Font Info:    Font shape `T1/FiraSans-OsF/bold/sc' will be
(Font)              scaled to size 20.74pt on input line 73.
LaTeX Font Info:    Font shape `T1/FiraSans-OsF/regular/n' will be
(Font)              scaled to size 14.4pt on input line 73.
LaTeX Font Info:    Font shape `T1/FiraSans-OsF/regular/sc' will be
(Font)              scaled to size 14.4pt on input line 73.
<Figures/iXon-Ultra-897.png, id=28, 339.2675pt x 289.08pt>
File: Figures/iXon-Ultra-897.png Graphic file (type png)
<use Figures/iXon-Ultra-897.png>
Package pdftex.def Info: Figures/iXon-Ultra-897.png  used on input line 73.
(pdftex.def)             Requested size: 91.60344pt x 78.05263pt.
<Figures/ion_trap_photo.png, id=30, 514.92375pt x 434.37282pt>
File: Figures/ion_trap_photo.png Graphic file (type png)
<use Figures/ion_trap_photo.png>
Package pdftex.def Info: Figures/ion_trap_photo.png  used on input line 73.
(pdftex.def)             Requested size: 92.68227pt x 78.18373pt.
LaTeX Font Info:    Font shape `T1/FiraSans-OsF/regular/n' will be
(Font)              scaled to size 12.0pt on input line 73.
LaTeX Font Info:    Font shape `T1/FiraSans-OsF/regular/sc' will be
(Font)              scaled to size 12.0pt on input line 73.
<Figures/IC_logo.png, id=31, 166.37157pt x 45.92157pt>
File: Figures/IC_logo.png Graphic file (type png)
<use Figures/IC_logo.png>
Package pdftex.def Info: Figures/IC_logo.png  used on input line 73.
(pdftex.def)             Requested size: 83.18556pt x 22.96072pt.

Overfull \vbox (22.70482pt too high) detected at line 73
 []

LaTeX Font Info:    Font shape `T1/FiraSans-OsF/m/n' in size <4> not available
(Font)              Font shape `T1/FiraSans-OsF/regular/n' tried instead on inp
ut line 73.
LaTeX Font Info:    Font shape `T1/FiraSans-OsF/regular/n' will be
(Font)              scaled to size 4.0pt on input line 73.
[1

{C:/Users/Yudi/AppData/Local/MiKTeX/2.9/pdftex/config/pdftex.map} <./Figures/iX
on-Ultra-897.png> <./Figures/ion_trap_photo.png> <./Figures/IC_logo.png>]
(Interim_presentation_slides.toc
LaTeX Font Info:    Font shape `T1/FiraSans-OsF/m/n' in size <10> not available

(Font)              Font shape `T1/FiraSans-OsF/regular/n' tried instead on inp
ut line 1.
LaTeX Font Info:    Font shape `T1/FiraSans-OsF/regular/n' will be
(Font)              scaled to size 10.0pt on input line 1.
)
LaTeX Font Info:    Font shape `T1/FiraSans-OsF/m/n' in size <14.4> not availab
le
(Font)              Font shape `T1/FiraSans-OsF/regular/n' tried instead on inp
ut line 80.
LaTeX Font Info:    Font shape `T1/FiraSans-OsF/regular/n' will be
(Font)              scaled to size 14.4pt on input line 80.
LaTeX Font Info:    Font shape `T1/FiraSans-OsF/m/sc' in size <14.4> not availa
ble
(Font)              Font shape `T1/FiraSans-OsF/regular/sc' tried instead on in
put line 80.
LaTeX Font Info:    Font shape `T1/FiraSans-OsF/regular/sc' will be
(Font)              scaled to size 14.4pt on input line 80.
 [2

] (Interim_presentation_slides.toc)
[3

]
<Figures/Paul_trap_schematics.png, id=68, 671.50874pt x 350.30875pt>
File: Figures/Paul_trap_schematics.png Graphic file (type png)
<use Figures/Paul_trap_schematics.png>
Package pdftex.def Info: Figures/Paul_trap_schematics.png  used on input line 1
05.
(pdftex.def)             Requested size: 185.43907pt x 96.73918pt.
File: Figures/ion_trap_photo.png Graphic file (type png)
<use Figures/ion_trap_photo.png>
Package pdftex.def Info: Figures/ion_trap_photo.png  used on input line 105.
(pdftex.def)             Requested size: 114.67427pt x 96.73918pt.
 [4

 <./Figures/Paul_trap_schematics.png>]
File: Figures/iXon-Ultra-897.png Graphic file (type png)
<use Figures/iXon-Ultra-897.png>
Package pdftex.def Info: Figures/iXon-Ultra-897.png  used on input line 121.
(pdftex.def)             Requested size: 128.92297pt x 109.85153pt.

Overfull \vbox (0.93317pt too high) detected at line 121
 []

[5

]
<Figures/EMCCD_Structure.PNG, id=82, 395.22656pt x 542.025pt>
File: Figures/EMCCD_Structure.PNG Graphic file (type png)
<use Figures/EMCCD_Structure.PNG>
Package pdftex.def Info: Figures/EMCCD_Structure.PNG  used on input line 140.
(pdftex.def)             Requested size: 122.34692pt x 167.78616pt.
LaTeX Font Info:    Try loading font information for U+msa on input line 140.
 ("C:\Users\Yudi\AppData\Local\Programs\MiKTeX 2.9\tex/latex/amsfonts\umsa.fd"
File: umsa.fd 2013/01/14 v3.01 AMS symbols A
)
LaTeX Font Info:    Try loading font information for U+msb on input line 140.
 ("C:\Users\Yudi\AppData\Local\Programs\MiKTeX 2.9\tex/latex/amsfonts\umsb.fd"
File: umsb.fd 2013/01/14 v3.01 AMS symbols B
)
LaTeX Font Info:    Font shape `T1/FiraSans-OsF/m/it' in size <10.95> not avail
able
(Font)              Font shape `T1/FiraSans-OsF/regular/it' tried instead on in
put line 140.
LaTeX Font Info:    Font shape `T1/FiraSans-OsF/regular/it' will be
(Font)              scaled to size 10.95pt on input line 140.
LaTeX Font Info:    Font shape `T1/FiraSans-OsF/m/it' in size <8> not available

(Font)              Font shape `T1/FiraSans-OsF/regular/it' tried instead on in
put line 140.
LaTeX Font Info:    Font shape `T1/FiraSans-OsF/regular/it' will be
(Font)              scaled to size 8.0pt on input line 140.
LaTeX Font Info:    Font shape `T1/FiraSans-OsF/m/it' in size <6> not available

(Font)              Font shape `T1/FiraSans-OsF/regular/it' tried instead on in
put line 140.
LaTeX Font Info:    Font shape `T1/FiraSans-OsF/regular/it' will be
(Font)              scaled to size 6.0pt on input line 140.
 [6

 <./Figures/EMCCD_Structure.PNG>] (Interim_presentation_slides.toc)
[7

]
LaTeX Font Info:    Font shape `T1/FiraSans-OsF/m/n' in size <7> not available
(Font)              Font shape `T1/FiraSans-OsF/regular/n' tried instead on inp
ut line 160.
LaTeX Font Info:    Font shape `T1/FiraSans-OsF/regular/n' will be
(Font)              scaled to size 7.0pt on input line 160.
LaTeX Font Info:    Font shape `T1/FiraSans-OsF/m/n' in size <5> not available
(Font)              Font shape `T1/FiraSans-OsF/regular/n' tried instead on inp
ut line 160.
LaTeX Font Info:    Font shape `T1/FiraSans-OsF/regular/n' will be
(Font)              scaled to size 5.0pt on input line 160.
LaTeX Font Info:    Font shape `T1/FiraSans-OsF/m/it' in size <10> not availabl
e
(Font)              Font shape `T1/FiraSans-OsF/regular/it' tried instead on in
put line 160.
LaTeX Font Info:    Font shape `T1/FiraSans-OsF/regular/it' will be
(Font)              scaled to size 10.0pt on input line 160.
LaTeX Font Info:    Font shape `T1/FiraSans-OsF/m/it' in size <7> not available

(Font)              Font shape `T1/FiraSans-OsF/regular/it' tried instead on in
put line 160.
LaTeX Font Info:    Font shape `T1/FiraSans-OsF/regular/it' will be
(Font)              scaled to size 7.0pt on input line 160.
LaTeX Font Info:    Font shape `T1/FiraSans-OsF/m/it' in size <5> not available

(Font)              Font shape `T1/FiraSans-OsF/regular/it' tried instead on in
put line 160.
LaTeX Font Info:    Font shape `T1/FiraSans-OsF/regular/it' will be
(Font)              scaled to size 5.0pt on input line 160.
 [8

] (Interim_presentation_slides.toc) [9

] [10

]
<Figures/cam_flow_chart.png, id=122, 789.1884pt x 280.8894pt>
File: Figures/cam_flow_chart.png Graphic file (type png)
<use Figures/cam_flow_chart.png>
Package pdftex.def Info: Figures/cam_flow_chart.png  used on input line 193.
(pdftex.def)             Requested size: 236.75835pt x 84.26747pt.
LaTeX Font Info:    Font shape `T1/FiraSans-OsF/regular/n' will be
(Font)              scaled to size 9.0pt on input line 193.
LaTeX Font Info:    Font shape `T1/FiraSans-OsF/m/n' in size <9> not available
(Font)              Font shape `T1/FiraSans-OsF/regular/n' tried instead on inp
ut line 193.
LaTeX Font Info:    Font shape `T1/FiraSans-OsF/regular/n' will be
(Font)              scaled to size 9.0pt on input line 193.
<Figures/img_load_flow_chart.png, id=123, 542.5068pt x 282.3348pt>
File: Figures/img_load_flow_chart.png Graphic file (type png)
<use Figures/img_load_flow_chart.png>
Package pdftex.def Info: Figures/img_load_flow_chart.png  used on input line 19
3.
(pdftex.def)             Requested size: 162.7533pt x 84.70108pt.

Overfull \vbox (0.55533pt too high) detected at line 193
 []

[11

 <./Figures/cam_flow_chart.png> <./Figures/img_load_flow_chart.png>]
<Figures/cam_program.PNG, id=134, 632.3625pt x 676.02562pt>
File: Figures/cam_program.PNG Graphic file (type png)
<use Figures/cam_program.PNG>
Package pdftex.def Info: Figures/cam_program.PNG  used on input line 204.
(pdftex.def)             Requested size: 202.36014pt x 216.33261pt.

Overfull \vbox (0.87639pt too high) detected at line 204
 []

[12

 <./Figures/cam_program.PNG>]
<Figures/pic_load/pl_frame_01.png, id=142, 1028.34187pt x 578.16pt>
File: Figures/pic_load/pl_frame_01.png Graphic file (type png)
<use Figures/pic_load/pl_frame_01.png>
Package pdftex.def Info: Figures/pic_load/pl_frame_01.png  used on input line 2
14.
(pdftex.def)             Requested size: 1028.33937pt x 578.15858pt.
 <./Figures/pic_load/pl_frame_01.png> <a0,fr0>
<Figures/pic_load/pl_frame_02.png, id=153, 1028.34187pt x 578.16pt>
File: Figures/pic_load/pl_frame_02.png Graphic file (type png)
<use Figures/pic_load/pl_frame_02.png>
Package pdftex.def Info: Figures/pic_load/pl_frame_02.png  used on input line 2
14.
(pdftex.def)             Requested size: 1028.33937pt x 578.15858pt.
 <./Figures/pic_load/pl_frame_02.png> <a0,fr1>
<Figures/pic_load/pl_frame_03.png, id=164, 1028.34187pt x 578.16pt>
File: Figures/pic_load/pl_frame_03.png Graphic file (type png)
<use Figures/pic_load/pl_frame_03.png>
Package pdftex.def Info: Figures/pic_load/pl_frame_03.png  used on input line 2
14.
(pdftex.def)             Requested size: 1028.33937pt x 578.15858pt.
 <./Figures/pic_load/pl_frame_03.png> <a0,fr2>
<Figures/pic_load/pl_frame_04.png, id=175, 1028.34187pt x 578.16pt>
File: Figures/pic_load/pl_frame_04.png Graphic file (type png)
<use Figures/pic_load/pl_frame_04.png>
Package pdftex.def Info: Figures/pic_load/pl_frame_04.png  used on input line 2
14.
(pdftex.def)             Requested size: 1028.33937pt x 578.15858pt.
 <./Figures/pic_load/pl_frame_04.png> <a0,fr3>
<Figures/pic_load/pl_frame_05.png, id=186, 1028.34187pt x 578.16pt>
File: Figures/pic_load/pl_frame_05.png Graphic file (type png)
<use Figures/pic_load/pl_frame_05.png>
Package pdftex.def Info: Figures/pic_load/pl_frame_05.png  used on input line 2
14.
(pdftex.def)             Requested size: 1028.33937pt x 578.15858pt.
 <./Figures/pic_load/pl_frame_05.png> <a0,fr4>
<Figures/pic_load/pl_frame_06.png, id=197, 1028.34187pt x 578.16pt>
File: Figures/pic_load/pl_frame_06.png Graphic file (type png)
<use Figures/pic_load/pl_frame_06.png>
Package pdftex.def Info: Figures/pic_load/pl_frame_06.png  used on input line 2
14.
(pdftex.def)             Requested size: 1028.33937pt x 578.15858pt.
 <./Figures/pic_load/pl_frame_06.png> <a0,fr5>
<Figures/pic_load/pl_frame_07.png, id=208, 1028.34187pt x 578.16pt>
File: Figures/pic_load/pl_frame_07.png Graphic file (type png)
<use Figures/pic_load/pl_frame_07.png>
Package pdftex.def Info: Figures/pic_load/pl_frame_07.png  used on input line 2
14.
(pdftex.def)             Requested size: 1028.33937pt x 578.15858pt.
 <./Figures/pic_load/pl_frame_07.png> <a0,fr6>
<Figures/pic_load/pl_frame_08.png, id=219, 1028.34187pt x 578.16pt>
File: Figures/pic_load/pl_frame_08.png Graphic file (type png)
<use Figures/pic_load/pl_frame_08.png>
Package pdftex.def Info: Figures/pic_load/pl_frame_08.png  used on input line 2
14.
(pdftex.def)             Requested size: 1028.33937pt x 578.15858pt.
 <./Figures/pic_load/pl_frame_08.png>
<a0,fr7>
<Figures/pic_load/pl_frame_09.png, id=230, 1028.34187pt x 578.16pt>
File: Figures/pic_load/pl_frame_09.png Graphic file (type png)
<use Figures/pic_load/pl_frame_09.png>
Package pdftex.def Info: Figures/pic_load/pl_frame_09.png  used on input line 2
14.
(pdftex.def)             Requested size: 1028.33937pt x 578.15858pt.
 <./Figures/pic_load/pl_frame_09.png> <a0,fr8>
<Figures/pic_load/pl_frame_10.png, id=241, 1028.34187pt x 578.16pt>
File: Figures/pic_load/pl_frame_10.png Graphic file (type png)
<use Figures/pic_load/pl_frame_10.png>
Package pdftex.def Info: Figures/pic_load/pl_frame_10.png  used on input line 2
14.
(pdftex.def)             Requested size: 1028.33937pt x 578.15858pt.
 <./Figures/pic_load/pl_frame_10.png> <a0,fr9>
<Figures/pic_load/pl_frame_11.png, id=252, 1028.34187pt x 578.16pt>
File: Figures/pic_load/pl_frame_11.png Graphic file (type png)
<use Figures/pic_load/pl_frame_11.png>
Package pdftex.def Info: Figures/pic_load/pl_frame_11.png  used on input line 2
14.
(pdftex.def)             Requested size: 1028.33937pt x 578.15858pt.
 <./Figures/pic_load/pl_frame_11.png> <a0,fr10>
<Figures/pic_load/pl_frame_12.png, id=263, 1028.34187pt x 578.16pt>
File: Figures/pic_load/pl_frame_12.png Graphic file (type png)
<use Figures/pic_load/pl_frame_12.png>
Package pdftex.def Info: Figures/pic_load/pl_frame_12.png  used on input line 2
14.
(pdftex.def)             Requested size: 1028.33937pt x 578.15858pt.
 <./Figures/pic_load/pl_frame_12.png> <a0,fr11>
<Figures/pic_load/pl_frame_13.png, id=274, 1028.34187pt x 578.16pt>
File: Figures/pic_load/pl_frame_13.png Graphic file (type png)
<use Figures/pic_load/pl_frame_13.png>
Package pdftex.def Info: Figures/pic_load/pl_frame_13.png  used on input line 2
14.
(pdftex.def)             Requested size: 1028.33937pt x 578.15858pt.
 <./Figures/pic_load/pl_frame_13.png>
<a0,fr12>
<Figures/pic_load/pl_frame_14.png, id=285, 1028.34187pt x 578.16pt>
File: Figures/pic_load/pl_frame_14.png Graphic file (type png)
<use Figures/pic_load/pl_frame_14.png>
Package pdftex.def Info: Figures/pic_load/pl_frame_14.png  used on input line 2
14.
(pdftex.def)             Requested size: 1028.33937pt x 578.15858pt.
 <./Figures/pic_load/pl_frame_14.png> <a0,fr13> <a0,fr14>
<Figures/pic_load/pl_frame_16.png, id=301, 1028.34187pt x 578.16pt>
File: Figures/pic_load/pl_frame_16.png Graphic file (type png)
<use Figures/pic_load/pl_frame_16.png>
Package pdftex.def Info: Figures/pic_load/pl_frame_16.png  used on input line 2
14.
(pdftex.def)             Requested size: 1028.33937pt x 578.15858pt.
 <./Figures/pic_load/pl_frame_16.png> <a0,fr15>
<Figures/pic_load/pl_frame_17.png, id=312, 1028.34187pt x 578.16pt>
File: Figures/pic_load/pl_frame_17.png Graphic file (type png)
<use Figures/pic_load/pl_frame_17.png>
Package pdftex.def Info: Figures/pic_load/pl_frame_17.png  used on input line 2
14.
(pdftex.def)             Requested size: 1028.33937pt x 578.15858pt.
 <./Figures/pic_load/pl_frame_17.png>
<a0,fr16>
<Figures/pic_load/pl_frame_18.png, id=323, 1028.34187pt x 578.16pt>
File: Figures/pic_load/pl_frame_18.png Graphic file (type png)
<use Figures/pic_load/pl_frame_18.png>
Package pdftex.def Info: Figures/pic_load/pl_frame_18.png  used on input line 2
14.
(pdftex.def)             Requested size: 1028.33937pt x 578.15858pt.
 <./Figures/pic_load/pl_frame_18.png> <a0,fr17>
<Figures/pic_load/pl_frame_19.png, id=334, 1028.34187pt x 578.16pt>
File: Figures/pic_load/pl_frame_19.png Graphic file (type png)
<use Figures/pic_load/pl_frame_19.png>
Package pdftex.def Info: Figures/pic_load/pl_frame_19.png  used on input line 2
14.
(pdftex.def)             Requested size: 1028.33937pt x 578.15858pt.
 <./Figures/pic_load/pl_frame_19.png> <a0,fr18>
<Figures/pic_load/pl_frame_20.png, id=345, 1028.34187pt x 578.16pt>
File: Figures/pic_load/pl_frame_20.png Graphic file (type png)
<use Figures/pic_load/pl_frame_20.png>
Package pdftex.def Info: Figures/pic_load/pl_frame_20.png  used on input line 2
14.
(pdftex.def)             Requested size: 1028.33937pt x 578.15858pt.
 <./Figures/pic_load/pl_frame_20.png> <a0,fr19>
<Figures/pic_load/pl_frame_21.png, id=356, 1028.34187pt x 578.16pt>
File: Figures/pic_load/pl_frame_21.png Graphic file (type png)
<use Figures/pic_load/pl_frame_21.png>
Package pdftex.def Info: Figures/pic_load/pl_frame_21.png  used on input line 2
14.
(pdftex.def)             Requested size: 1028.33937pt x 578.15858pt.
 <./Figures/pic_load/pl_frame_21.png> <a0,fr20>
<Figures/pic_load/pl_frame_22.png, id=367, 1028.34187pt x 578.16pt>
File: Figures/pic_load/pl_frame_22.png Graphic file (type png)
<use Figures/pic_load/pl_frame_22.png>
Package pdftex.def Info: Figures/pic_load/pl_frame_22.png  used on input line 2
14.
(pdftex.def)             Requested size: 1028.33937pt x 578.15858pt.
 <./Figures/pic_load/pl_frame_22.png>
<a0,fr21>
<Figures/pic_load/pl_frame_23.png, id=378, 1028.34187pt x 578.16pt>
File: Figures/pic_load/pl_frame_23.png Graphic file (type png)
<use Figures/pic_load/pl_frame_23.png>
Package pdftex.def Info: Figures/pic_load/pl_frame_23.png  used on input line 2
14.
(pdftex.def)             Requested size: 1028.33937pt x 578.15858pt.
 <./Figures/pic_load/pl_frame_23.png> <a0,fr22>
<Figures/pic_load/pl_frame_24.png, id=389, 1028.34187pt x 578.16pt>
File: Figures/pic_load/pl_frame_24.png Graphic file (type png)
<use Figures/pic_load/pl_frame_24.png>
Package pdftex.def Info: Figures/pic_load/pl_frame_24.png  used on input line 2
14.
(pdftex.def)             Requested size: 1028.33937pt x 578.15858pt.
 <./Figures/pic_load/pl_frame_24.png> <a0,fr23>
<Figures/pic_load/pl_frame_25.png, id=400, 1028.34187pt x 578.16pt>
File: Figures/pic_load/pl_frame_25.png Graphic file (type png)
<use Figures/pic_load/pl_frame_25.png>
Package pdftex.def Info: Figures/pic_load/pl_frame_25.png  used on input line 2
14.
(pdftex.def)             Requested size: 1028.33937pt x 578.15858pt.
 <./Figures/pic_load/pl_frame_25.png> <a0,fr24>
<Figures/pic_load/pl_frame_26.png, id=411, 1028.34187pt x 578.16pt>
File: Figures/pic_load/pl_frame_26.png Graphic file (type png)
<use Figures/pic_load/pl_frame_26.png>
Package pdftex.def Info: Figures/pic_load/pl_frame_26.png  used on input line 2
14.
(pdftex.def)             Requested size: 1028.33937pt x 578.15858pt.
 <./Figures/pic_load/pl_frame_26.png> <a0,fr25>
<Figures/pic_load/pl_frame_27.png, id=422, 1028.34187pt x 578.16pt>
File: Figures/pic_load/pl_frame_27.png Graphic file (type png)
<use Figures/pic_load/pl_frame_27.png>
Package pdftex.def Info: Figures/pic_load/pl_frame_27.png  used on input line 2
14.
(pdftex.def)             Requested size: 1028.33937pt x 578.15858pt.
 <./Figures/pic_load/pl_frame_27.png>
<a0,fr26>
<Figures/pic_load/pl_frame_28.png, id=433, 1028.34187pt x 578.16pt>
File: Figures/pic_load/pl_frame_28.png Graphic file (type png)
<use Figures/pic_load/pl_frame_28.png>
Package pdftex.def Info: Figures/pic_load/pl_frame_28.png  used on input line 2
14.
(pdftex.def)             Requested size: 1028.33937pt x 578.15858pt.
 <./Figures/pic_load/pl_frame_28.png> <a0,fr27>
<Figures/pic_load/pl_frame_29.png, id=444, 1028.34187pt x 578.16pt>
File: Figures/pic_load/pl_frame_29.png Graphic file (type png)
<use Figures/pic_load/pl_frame_29.png>
Package pdftex.def Info: Figures/pic_load/pl_frame_29.png  used on input line 2
14.
(pdftex.def)             Requested size: 1028.33937pt x 578.15858pt.
 <./Figures/pic_load/pl_frame_29.png> <a0,fr28>
<Figures/pic_load/pl_frame_30.png, id=455, 1028.34187pt x 578.16pt>
File: Figures/pic_load/pl_frame_30.png Graphic file (type png)
<use Figures/pic_load/pl_frame_30.png>
Package pdftex.def Info: Figures/pic_load/pl_frame_30.png  used on input line 2
14.
(pdftex.def)             Requested size: 1028.33937pt x 578.15858pt.
 <./Figures/pic_load/pl_frame_30.png> <a0,fr29>
<Figures/pic_load/pl_frame_31.png, id=466, 1028.34187pt x 578.16pt>
File: Figures/pic_load/pl_frame_31.png Graphic file (type png)
<use Figures/pic_load/pl_frame_31.png>
Package pdftex.def Info: Figures/pic_load/pl_frame_31.png  used on input line 2
14.
(pdftex.def)             Requested size: 1028.33937pt x 578.15858pt.
 <./Figures/pic_load/pl_frame_31.png> <a0,fr30>
<Figures/pic_load/pl_frame_32.png, id=477, 1028.34187pt x 578.16pt>
File: Figures/pic_load/pl_frame_32.png Graphic file (type png)
<use Figures/pic_load/pl_frame_32.png>
Package pdftex.def Info: Figures/pic_load/pl_frame_32.png  used on input line 2
14.
(pdftex.def)             Requested size: 1028.33937pt x 578.15858pt.
 <./Figures/pic_load/pl_frame_32.png>
<a0,fr31>
<Figures/pic_load/pl_frame_33.png, id=488, 1028.34187pt x 578.16pt>
File: Figures/pic_load/pl_frame_33.png Graphic file (type png)
<use Figures/pic_load/pl_frame_33.png>
Package pdftex.def Info: Figures/pic_load/pl_frame_33.png  used on input line 2
14.
(pdftex.def)             Requested size: 1028.33937pt x 578.15858pt.
 <./Figures/pic_load/pl_frame_33.png> <a0,fr32>
<Figures/pic_load/pl_frame_34.png, id=499, 1028.34187pt x 578.16pt>
File: Figures/pic_load/pl_frame_34.png Graphic file (type png)
<use Figures/pic_load/pl_frame_34.png>
Package pdftex.def Info: Figures/pic_load/pl_frame_34.png  used on input line 2
14.
(pdftex.def)             Requested size: 1028.33937pt x 578.15858pt.
 <./Figures/pic_load/pl_frame_34.png> <a0,fr33>
<Figures/pic_load/pl_frame_35.png, id=510, 1028.34187pt x 578.16pt>
File: Figures/pic_load/pl_frame_35.png Graphic file (type png)
<use Figures/pic_load/pl_frame_35.png>
Package pdftex.def Info: Figures/pic_load/pl_frame_35.png  used on input line 2
14.
(pdftex.def)             Requested size: 1028.33937pt x 578.15858pt.
 <./Figures/pic_load/pl_frame_35.png> <a0,fr34>
<a0,fr35> [13

] [14

]pdfTeX warning (ext4): destination with the same identifier (name{fig:a}) has 
been already used, duplicate ignored
<to be read again> 
                   \relax 
l.245 \end{frame}
                 
<Figures/Noise_Python.png, id=543, 595.68pt x 408.07pt>
File: Figures/Noise_Python.png Graphic file (type png)
<use Figures/Noise_Python.png>
Package pdftex.def Info: Figures/Noise_Python.png  used on input line 245.
(pdftex.def)             Requested size: 142.96611pt x 97.9388pt.
pdfTeX warning (ext4): destination with the same identifier (name{fig:b}) has b
een already used, duplicate ignored
<to be read again> 
                   \relax 
l.245 \end{frame}
                 
<Figures/Noise_Commercial.png, id=544, 595.68pt x 408.8pt>
File: Figures/Noise_Commercial.png Graphic file (type png)
<use Figures/Noise_Commercial.png>
Package pdftex.def Info: Figures/Noise_Commercial.png  used on input line 245.
(pdftex.def)             Requested size: 142.96611pt x 98.114pt.
<Figures/Gain_Python.png, id=545, 596.41pt x 408.07pt>
File: Figures/Gain_Python.png Graphic file (type png)
<use Figures/Gain_Python.png>
Package pdftex.def Info: Figures/Gain_Python.png  used on input line 245.
(pdftex.def)             Requested size: 143.14131pt x 97.9388pt.
<Figures/Gain_Commercial.png, id=546, 595.68pt x 408.8pt>
File: Figures/Gain_Commercial.png Graphic file (type png)
<use Figures/Gain_Commercial.png>
Package pdftex.def Info: Figures/Gain_Commercial.png  used on input line 245.
(pdftex.def)             Requested size: 142.96611pt x 98.114pt.

Overfull \vbox (12.11807pt too high) detected at line 245
 []

[15

 <./Figures/Noise_Python.png> <./Figures/Noise_Commercial.png> <./Figures/Gain_
Python.png> <./Figures/Gain_Commercial.png>]
LaTeX Font Info:    Try loading font information for TS1+FiraSans-OsF on input 
line 270.

("C:\Users\Yudi\AppData\Local\Programs\MiKTeX 2.9\tex/latex/fira\ts1firasans-os
f.fd"
File: TS1FiraSans-OsF.fd 2019/06/04 (autoinst) Font definitions for TS1/FiraSan
s-OsF.
)
LaTeX Font Info:    Font shape `TS1/FiraSans-OsF/regular/n' will be
(Font)              scaled to size 10.95pt on input line 270.
pdfTeX warning (ext4): destination with the same identifier (name{fig:a}) has b
een already used, duplicate ignored
<to be read again> 
                   \relax 
l.270 \end{frame}
                 
<Figures/5_sec_exposure.png, id=559, 348.55219pt x 349.305pt>
File: Figures/5_sec_exposure.png Graphic file (type png)
<use Figures/5_sec_exposure.png>
Package pdftex.def Info: Figures/5_sec_exposure.png  used on input line 270.
(pdftex.def)             Requested size: 102.42992pt x 102.64966pt.
pdfTeX warning (ext4): destination with the same identifier (name{fig:b}) has b
een already used, duplicate ignored
<to be read again> 
                   \relax 
l.270 \end{frame}
                 
<Figures/2_sec_exposure.png, id=560, 349.305pt x 349.305pt>
File: Figures/2_sec_exposure.png Graphic file (type png)
<use Figures/2_sec_exposure.png>
Package pdftex.def Info: Figures/2_sec_exposure.png  used on input line 270.
(pdftex.def)             Requested size: 102.42992pt x 102.43112pt.
pdfTeX warning (ext4): destination with the same identifier (name{fig:c}) has b
een already used, duplicate ignored
<to be read again> 
                   \relax 
l.270 \end{frame}
                 
<Figures/1_sec_exposure.png, id=561, 349.305pt x 349.305pt>
File: Figures/1_sec_exposure.png Graphic file (type png)
<use Figures/1_sec_exposure.png>
Package pdftex.def Info: Figures/1_sec_exposure.png  used on input line 270.
(pdftex.def)             Requested size: 102.42992pt x 102.43112pt.
 [16

 <./Figures/5_sec_exposure.png> <./Figures/2_sec_exposure.png> <./Figures/1_sec
_exposure.png>]pdfTeX warning (ext4): destination with the same identifier (nam
e{fig:d}) has been already used, duplicate ignored
<to be read again> 
                   \relax 
l.290 \end{frame}
                 
<Figures/700ms_exposure.png, id=573, 349.305pt x 349.305pt>
File: Figures/700ms_exposure.png Graphic file (type png)
<use Figures/700ms_exposure.png>
Package pdftex.def Info: Figures/700ms_exposure.png  used on input line 290.
(pdftex.def)             Requested size: 102.42992pt x 102.43112pt.
<Figures/400ms_exposure.png, id=574, 349.305pt x 349.305pt>
File: Figures/400ms_exposure.png Graphic file (type png)
<use Figures/400ms_exposure.png>
Package pdftex.def Info: Figures/400ms_exposure.png  used on input line 290.
(pdftex.def)             Requested size: 102.42992pt x 102.43112pt.
<Figures/100ms_exposure.png, id=575, 349.305pt x 349.305pt>
File: Figures/100ms_exposure.png Graphic file (type png)
<use Figures/100ms_exposure.png>
Package pdftex.def Info: Figures/100ms_exposure.png  used on input line 290.
(pdftex.def)             Requested size: 102.42992pt x 102.43112pt.
 [17

 <./Figures/700ms_exposure.png> <./Figures/400ms_exposure.png> <./Figures/100ms
_exposure.png>] (Interim_presentation_slides.toc) [18

]
<Figures/B_D_graph.png, id=596, 633.86812pt x 423.08063pt>
File: Figures/B_D_graph.png Graphic file (type png)
<use Figures/B_D_graph.png>
Package pdftex.def Info: Figures/B_D_graph.png  used on input line 311.
(pdftex.def)             Requested size: 190.1619pt x 126.92516pt.

[19

 <./Figures/B_D_graph.png>] [20

] [21

] [22

]
\tf@nav=\write6
\openout6 = `Interim_presentation_slides.nav'.

\tf@toc=\write7
\openout7 = `Interim_presentation_slides.toc'.

\tf@snm=\write8
\openout8 = `Interim_presentation_slides.snm'.

Package atveryend Info: Empty hook `BeforeClearDocument' on input line 358.
Package atveryend Info: Empty hook `AfterLastShipout' on input line 358.
 (Interim_presentation_slides.aux)
Package atveryend Info: Executing hook `AtVeryEndDocument' on input line 358.
Package atveryend Info: Executing hook `AtEndAfterFileList' on input line 358.
Package rerunfilecheck Info: File `Interim_presentation_slides.out' has not cha
nged.
(rerunfilecheck)             Checksum: 926EC75D33D698EB69AF422A717EB8A6;204.

LaTeX Warning: There were multiply-defined labels.

 ) 
Here is how much of TeX's memory you used:
 33270 strings out of 492895
 662454 string characters out of 3124202
 691465 words of memory out of 3000000
 36495 multiletter control sequences out of 15000+200000
 838620 words of font info for 85 fonts, out of 3000000 for 9000
 1141 hyphenation exceptions out of 8191
 71i,16n,77p,796b,905s stack positions out of 5000i,500n,10000p,200000b,50000s
{C:/Users/Yudi/AppData/Local/Programs/MiKTeX 2.9/fonts/enc/dvips/fira/fir_d67
aat.enc}{C:/Users/Yudi/AppData/Local/Programs/MiKTeX 2.9/fonts/enc/dvips/fira/f
ir_iln36p.enc}{C:/Users/Yudi/AppData/Local/Programs/MiKTeX 2.9/fonts/enc/dvips/
fira/fir_2mfh3o.enc}<C:/Users/Yudi/AppData/Local/Programs/MiKTeX 2.9/fonts/type
1/public/fira/FiraSans-Bold.pfb><C:/Users/Yudi/AppData/Local/Programs/MiKTeX 2.
9/fonts/type1/public/fira/FiraSans-Regular.pfb><C:/Users/Yudi/AppData/Local/Pro
grams/MiKTeX 2.9/fonts/type1/public/amsfonts/cm/cmsy10.pfb><C:/Users/Yudi/AppDa
ta/Local/Programs/MiKTeX 2.9/fonts/type1/public/amsfonts/symbols/msam10.pfb>
Output written on Interim_presentation_slides.pdf (22 pages, 28781341 bytes).
PDF statistics:
 658 PDF objects out of 1000 (max. 8388607)
 55 named destinations out of 1000 (max. 500000)
 1192 words of extra memory for PDF output out of 10000 (max. 10000000)

