This is pdfTeX, Version 3.14159265-2.6-1.40.20 (MiKTeX 2.9.7050 64-bit) (preloaded format=pdflatex 2019.7.10)  12 JUL 2019 10:37
entering extended mode
**./Interim_presentation_script.tex
(Interim_presentation_script.tex
LaTeX2e <2018-12-01>
("C:\Users\iontrap\AppData\Local\Programs\MiKTeX 2.9\tex/latex/base\article.cls
"
Document Class: article 2018/09/03 v1.4i Standard LaTeX document class
("C:\Users\iontrap\AppData\Local\Programs\MiKTeX 2.9\tex/latex/base\size12.clo"
File: size12.clo 2018/09/03 v1.4i Standard LaTeX file (size option)
)
\c@part=\count80
\c@section=\count81
\c@subsection=\count82
\c@subsubsection=\count83
\c@paragraph=\count84
\c@subparagraph=\count85
\c@figure=\count86
\c@table=\count87
\abovecaptionskip=\skip41
\belowcaptionskip=\skip42
\bibindent=\dimen102
)
("C:\Users\iontrap\AppData\Local\Programs\MiKTeX 2.9\tex/generic/babel\babel.st
y"
Package: babel 2019/06/03 3.32 The Babel package

("C:\Users\iontrap\AppData\Local\Programs\MiKTeX 2.9\tex/generic/babel\switch.d
ef"
File: switch.def 2019/06/03 3.32 Babel switching mechanism
)
*************************************
* Local config file bblopts.cfg used
*

("C:\Users\iontrap\AppData\Local\Programs\MiKTeX 2.9\tex/latex/arabi\bblopts.cf
g"
File: bblopts.cfg 2005/09/08 v0.1 add Arabic and Farsi to "declared" options of
 babel
)
("C:\Users\iontrap\AppData\Local\Programs\MiKTeX 2.9\tex/latex/babel-english\en
glish.ldf"
Language: english 2017/06/06 v3.3r English support from the babel system

("C:\Users\iontrap\AppData\Local\Programs\MiKTeX 2.9\tex/generic/babel\babel.de
f"
File: babel.def 2019/06/03 3.32 Babel common definitions
\babel@savecnt=\count88
\U@D=\dimen103

("C:\Users\iontrap\AppData\Local\Programs\MiKTeX 2.9\tex/generic/babel\txtbabel
.def")
\bbl@dirlevel=\count89
)
\l@canadian = a dialect from \language\l@american 
\l@australian = a dialect from \language\l@british 
\l@newzealand = a dialect from \language\l@british 
))
("C:\Users\iontrap\AppData\Local\Programs\MiKTeX 2.9\tex/latex/base\inputenc.st
y"
Package: inputenc 2018/08/11 v1.3c Input encoding file
\inpenc@prehook=\toks14
\inpenc@posthook=\toks15
 ("C:\Users\iontrap\AppData\Local\Programs\MiKTeX 2.9\tex/latex/ucs\utf8x.def"
File: utf8x.def 2004/10/17 UCS: Input encoding UTF-8
)) ("C:\Users\iontrap\AppData\Local\Programs\MiKTeX 2.9\tex/latex/ucs\ucs.sty"
Package: ucs 2013/05/11 v2.2 UCS: Unicode input support

("C:\Users\iontrap\AppData\Local\Programs\MiKTeX 2.9\tex/latex/ucs\uni-global.d
ef"
File: uni-global.def 2013/05/13 UCS: Unicode global data
)
\uc@secondtry=\count90
\uc@combtoks=\toks16
\uc@combtoksb=\toks17
\uc@temptokena=\toks18
)
("C:\Users\iontrap\AppData\Local\Programs\MiKTeX 2.9\tex/latex/geometry\geometr
y.sty"
Package: geometry 2018/04/16 v5.8 Page Geometry

("C:\Users\iontrap\AppData\Local\Programs\MiKTeX 2.9\tex/latex/graphics\keyval.
sty"
Package: keyval 2014/10/28 v1.15 key=value parser (DPC)
\KV@toks@=\toks19
)
("C:\Users\iontrap\AppData\Local\Programs\MiKTeX 2.9\tex/generic/oberdiek\ifpdf
.sty"
Package: ifpdf 2018/09/07 v3.3 Provides the ifpdf switch
)
("C:\Users\iontrap\AppData\Local\Programs\MiKTeX 2.9\tex/generic/oberdiek\ifvte
x.sty"
Package: ifvtex 2016/05/16 v1.6 Detect VTeX and its facilities (HO)
Package ifvtex Info: VTeX not detected.
)
("C:\Users\iontrap\AppData\Local\Programs\MiKTeX 2.9\tex/generic/ifxetex\ifxete
x.sty"
Package: ifxetex 2010/09/12 v0.6 Provides ifxetex conditional
)
\Gm@cnth=\count91
\Gm@cntv=\count92
\c@Gm@tempcnt=\count93
\Gm@bindingoffset=\dimen104
\Gm@wd@mp=\dimen105
\Gm@odd@mp=\dimen106
\Gm@even@mp=\dimen107
\Gm@layoutwidth=\dimen108
\Gm@layoutheight=\dimen109
\Gm@layouthoffset=\dimen110
\Gm@layoutvoffset=\dimen111
\Gm@dimlist=\toks20

("C:\Users\iontrap\AppData\Local\Programs\MiKTeX 2.9\tex/latex/geometry\geometr
y.cfg")) (Interim_presentation_script.aux)
\openout1 = `Interim_presentation_script.aux'.

LaTeX Font Info:    Checking defaults for OML/cmm/m/it on input line 11.
LaTeX Font Info:    ... okay on input line 11.
LaTeX Font Info:    Checking defaults for T1/cmr/m/n on input line 11.
LaTeX Font Info:    ... okay on input line 11.
LaTeX Font Info:    Checking defaults for OT1/cmr/m/n on input line 11.
LaTeX Font Info:    ... okay on input line 11.
LaTeX Font Info:    Checking defaults for OMS/cmsy/m/n on input line 11.
LaTeX Font Info:    ... okay on input line 11.
LaTeX Font Info:    Checking defaults for OMX/cmex/m/n on input line 11.
LaTeX Font Info:    ... okay on input line 11.
LaTeX Font Info:    Checking defaults for U/cmr/m/n on input line 11.
LaTeX Font Info:    ... okay on input line 11.

("C:\Users\iontrap\AppData\Local\Programs\MiKTeX 2.9\tex/latex/ucs\ucsencs.def"
File: ucsencs.def 2011/01/21 Fixes to fontencodings LGR, T3
)
*geometry* driver: auto-detecting
*geometry* detected driver: pdftex
*geometry* verbose mode - [ preamble ] result:
* driver: pdftex
* paper: a4paper
* layout: <same size as paper>
* layoutoffset:(h,v)=(0.0pt,0.0pt)
* modes: 
* h-part:(L,W,R)=(71.13188pt, 455.24411pt, 71.13188pt)
* v-part:(T,H,B)=(56.9055pt, 702.78308pt, 85.35826pt)
* \paperwidth=597.50787pt
* \paperheight=845.04684pt
* \textwidth=455.24411pt
* \textheight=702.78308pt
* \oddsidemargin=-1.1381pt
* \evensidemargin=-1.1381pt
* \topmargin=-52.36449pt
* \headheight=12.0pt
* \headsep=25.0pt
* \topskip=12.0pt
* \footskip=30.0pt
* \marginparwidth=49.79231pt
* \marginparsep=10.0pt
* \columnsep=10.0pt
* \skip\footins=10.8pt plus 4.0pt minus 2.0pt
* \hoffset=0.0pt
* \voffset=0.0pt
* \mag=1000
* \@twocolumnfalse
* \@twosidefalse
* \@mparswitchfalse
* \@reversemarginfalse
* (1in=72.27pt=25.4mm, 1cm=28.453pt)

LaTeX Font Info:    External font `cmex10' loaded for size
(Font)              <14.4> on input line 13.
LaTeX Font Info:    External font `cmex10' loaded for size
(Font)              <7> on input line 13.

LaTeX Warning: No \author given.

[1

{C:/Users/iontrap/AppData/Local/MiKTeX/2.9/pdftex/config/pdftex.map}]
[2] [3] (Interim_presentation_script.aux) ) 
Here is how much of TeX's memory you used:
 1551 strings out of 492895
 24061 string characters out of 3122801
 112462 words of memory out of 3000000
 5492 multiletter control sequences out of 15000+200000
 5150 words of font info for 19 fonts, out of 3000000 for 9000
 1141 hyphenation exceptions out of 8191
 23i,6n,23p,702b,193s stack positions out of 5000i,500n,10000p,200000b,50000s
<C:/Users/iontrap/AppData/Local/Prog
rams/MiKTeX 2.9/fonts/type1/public/amsfonts/cm/cmr12.pfb><C:/Users/iontrap/AppD
ata/Local/Programs/MiKTeX 2.9/fonts/type1/public/amsfonts/cm/cmr17.pfb>
Output written on Interim_presentation_script.pdf (3 pages, 39683 bytes).
PDF statistics:
 20 PDF objects out of 1000 (max. 8388607)
 0 named destinations out of 1000 (max. 500000)
 1 words of extra memory for PDF output out of 10000 (max. 10000000)

